2026-07-13T21:01:35.649Z [INFO]: Starting server in development mode...
2026-07-13T21:01:35.666Z [ERROR]: Error: querySrv ECONNREFUSED _mongodb._tcp.cluster0.phfbtfn.mongodb.net
    at QueryReqWrap.onresolve [as oncomplete] (node:internal/dns/promises:295:17)
2026-07-13T21:03:28.687Z [INFO]: Starting server in development mode...
2026-07-13T21:03:28.713Z [ERROR]: Error: querySrv ECONNREFUSED _mongodb._tcp.cluster0.phfbtfn.mongodb.net
    at QueryReqWrap.onresolve [as oncomplete] (node:internal/dns/promises:295:17)
2026-07-13T21:13:22.846Z [INFO]: Starting server in development mode...
2026-07-13T21:13:22.884Z [ERROR]: Error: querySrv ECONNREFUSED _mongodb._tcp.cluster0.phfbtfn.mongodb.net
    at QueryReqWrap.onresolve [as oncomplete] (node:internal/dns/promises:295:17)
2026-07-13T21:19:44.303Z [INFO]: Starting server in development mode...
2026-07-13T21:19:44.336Z [ERROR]: Error: querySrv ECONNREFUSED _mongodb._tcp.cluster0.phfbtfn.mongodb.net
    at QueryReqWrap.onresolve [as oncomplete] (node:internal/dns/promises:295:17)
2026-07-13T21:19:44.317Z [INFO]: Starting server in development mode...
2026-07-13T21:19:44.351Z [ERROR]: Error: querySrv ECONNREFUSED _mongodb._tcp.cluster0.phfbtfn.mongodb.net
    at QueryReqWrap.onresolve [as oncomplete] (node:internal/dns/promises:295:17)
2026-07-13T21:19:44.380Z [INFO]: Starting server in development mode...
2026-07-13T21:19:44.412Z [ERROR]: Error: querySrv ECONNREFUSED _mongodb._tcp.cluster0.phfbtfn.mongodb.net
    at QueryReqWrap.onresolve [as oncomplete] (node:internal/dns/promises:295:17)
2026-07-13T21:29:25.567Z [INFO]: Starting server in development mode...
2026-07-13T21:29:25.584Z [ERROR]: Error: querySrv ECONNREFUSED _mongodb._tcp.cluster0.phfbtfn.mongodb.net
    at QueryReqWrap.onresolve [as oncomplete] (node:internal/dns/promises:295:17)
2026-07-14T13:28:06.553Z [INFO]: Starting server in development mode...
2026-07-14T13:28:08.418Z [INFO]: ✅ MongoDB Connected Successfully
2026-07-14T13:28:08.421Z [INFO]: 🚀 Server running on http://localhost:5000
2026-07-14T13:35:12.759Z [INFO]: ::ffff:127.0.0.1 - - [14/Jul/2026:13:35:12 +0000] "POST /api/airtime/buy HTTP/1.1" 401 38 "-" "Thunder Client (https://www.thunderclient.com)"
2026-07-14T13:36:55.737Z [INFO]: ::ffff:127.0.0.1 - - [14/Jul/2026:13:36:55 +0000] "POST /api/airtime/buy HTTP/1.1" 401 38 "-" "Thunder Client (https://www.thunderclient.com)"
2026-07-14T13:41:20.651Z [INFO]: ::ffff:127.0.0.1 - - [14/Jul/2026:13:41:20 +0000] "POST /api/auth/login HTTP/1.1" 400 39 "-" "Thunder Client (https://www.thunderclient.com)"
2026-07-14T13:41:38.057Z [INFO]: ::ffff:127.0.0.1 - - [14/Jul/2026:13:41:38 +0000] "POST /api/auth/login HTTP/1.1" 400 39 "-" "Thunder Client (https://www.thunderclient.com)"
2026-07-14T13:43:18.913Z [INFO]: ::ffff:127.0.0.1 - - [14/Jul/2026:13:43:18 +0000] "POST /api/airtime/buy HTTP/1.1" 401 38 "-" "Thunder Client (https://www.thunderclient.com)"
2026-07-14T13:43:50.576Z [INFO]: ::ffff:127.0.0.1 - - [14/Jul/2026:13:43:50 +0000] "POST /api/airtime/buy HTTP/1.1" 401 38 "-" "Thunder Client (https://www.thunderclient.com)"
2026-07-14T13:45:32.387Z [INFO]: ::ffff:127.0.0.1 - - [14/Jul/2026:13:45:32 +0000] "POST /api/auth/register HTTP/1.1" 201 306 "-" "Thunder Client (https://www.thunderclient.com)"
2026-07-14T13:48:07.504Z [INFO]: ::ffff:127.0.0.1 - - [14/Jul/2026:13:48:07 +0000] "POST /api/airtime/buy HTTP/1.1" 401 38 "-" "Thunder Client (https://www.thunderclient.com)"
2026-07-14T13:48:41.186Z [INFO]: ::ffff:127.0.0.1 - - [14/Jul/2026:13:48:41 +0000] "POST /api/airtime/buy HTTP/1.1" 500 57 "-" "Thunder Client (https://www.thunderclient.com)"
2026-07-14T14:01:20.009Z [INFO]: ::ffff:127.0.0.1 - - [14/Jul/2026:14:01:20 +0000] "POST /api/wallet/fund HTTP/1.1" 500 56 "-" "Thunder Client (https://www.thunderclient.com)"
2026-07-14T15:50:44.330Z [INFO]: Starting server in development mode...
2026-07-14T15:50:45.865Z [INFO]: ✅ MongoDB Connected Successfully
2026-07-14T15:50:45.869Z [INFO]: 🚀 Server running on http://localhost:5000
2026-07-14T15:52:00.535Z [INFO]: Starting server in development mode...
2026-07-14T15:52:02.032Z [INFO]: ✅ MongoDB Connected Successfully
2026-07-14T15:52:02.035Z [INFO]: 🚀 Server running on http://localhost:5000
2026-07-14T15:55:33.839Z [INFO]: ::ffff:127.0.0.1 - - [14/Jul/2026:15:55:33 +0000] "POST /api/wallet/fund HTTP/1.1" 200 70 "-" "Thunder Client (https://www.thunderclient.com)"
2026-07-14T16:21:28.303Z [INFO]: ::ffff:127.0.0.1 - - [14/Jul/2026:16:21:28 +0000] "POST /api/airtime/buy HTTP/1.1" 200 623 "-" "Thunder Client (https://www.thunderclient.com)"
2026-07-14T16:30:41.030Z [INFO]: Starting server in development mode...
2026-07-14T16:30:41.030Z [INFO]: Starting server in development mode...
2026-07-14T16:30:42.757Z [INFO]: ✅ MongoDB Connected Successfully
2026-07-14T16:30:42.761Z [INFO]: ✅ MongoDB Connected Successfully
2026-07-14T16:30:42.761Z [INFO]: 🚀 Server running on http://localhost:5000
2026-07-14T16:30:42.764Z [INFO]: 🚀 Server running on http://localhost:5000
2026-07-14T16:32:45.299Z [INFO]: ::ffff:127.0.0.1 - - [14/Jul/2026:16:32:45 +0000] "POST /api/airtime/buy HTTP/1.1" 200 623 "-" "Thunder Client (https://www.thunderclient.com)"
2026-07-14T16:38:43.978Z [INFO]: ::ffff:127.0.0.1 - - [14/Jul/2026:16:38:43 +0000] "POST /api/airtime/buy HTTP/1.1" 200 623 "-" "Thunder Client (https://www.thunderclient.com)"
2026-07-14T16:38:56.992Z [INFO]: ::ffff:127.0.0.1 - - [14/Jul/2026:16:38:56 +0000] "POST /api/airtime/buy HTTP/1.1" 200 623 "-" "Thunder Client (https://www.thunderclient.com)"
2026-07-14T16:54:58.071Z [INFO]: Starting server in development mode...
2026-07-14T16:54:58.070Z [INFO]: Starting server in development mode...
2026-07-14T16:55:00.842Z [INFO]: Starting server in development mode...
2026-07-14T16:55:00.857Z [INFO]: Starting server in development mode...
2026-07-14T16:55:02.047Z [INFO]: ✅ MongoDB Connected Successfully
2026-07-14T16:55:02.053Z [INFO]: 🚀 Server running on http://localhost:5000
2026-07-14T16:55:02.184Z [INFO]: ✅ MongoDB Connected Successfully
2026-07-14T16:55:02.189Z [INFO]: 🚀 Server running on http://localhost:5000
2026-07-14T17:04:44.116Z [INFO]: Starting server in development mode...
2026-07-14T17:04:46.161Z [INFO]: ✅ MongoDB Connected Successfully
2026-07-14T17:04:46.165Z [INFO]: 🚀 Server running on http://localhost:5000
2026-07-14T17:06:41.007Z [INFO]: ::ffff:127.0.0.1 - - [14/Jul/2026:17:06:41 +0000] "POST /api/airtime/buy HTTP/1.1" 401 38 "-" "Thunder Client (https://www.thunderclient.com)"
2026-07-14T17:07:15.862Z [INFO]: ::ffff:127.0.0.1 - - [14/Jul/2026:17:07:15 +0000] "POST /api/airtime/buy HTTP/1.1" 400 72 "-" "Thunder Client (https://www.thunderclient.com)"
2026-07-14T19:56:27.224Z [INFO]: Starting server in development mode...
2026-07-14T19:56:27.309Z [ERROR]: Error: querySrv ECONNREFUSED _mongodb._tcp.cluster0.phfbtfn.mongodb.net
    at QueryReqWrap.onresolve [as oncomplete] (node:internal/dns/promises:295:17)
2026-07-14T19:56:27.238Z [INFO]: Starting server in development mode...
2026-07-14T19:56:27.368Z [ERROR]: Error: querySrv ECONNREFUSED _mongodb._tcp.cluster0.phfbtfn.mongodb.net
    at QueryReqWrap.onresolve [as oncomplete] (node:internal/dns/promises:295:17)
2026-07-14T19:56:27.242Z [INFO]: Starting server in development mode...
2026-07-14T19:56:27.409Z [ERROR]: Error: querySrv ECONNREFUSED _mongodb._tcp.cluster0.phfbtfn.mongodb.net
    at QueryReqWrap.onresolve [as oncomplete] (node:internal/dns/promises:295:17)
2026-07-14T19:56:44.763Z [INFO]: Starting server in development mode...
2026-07-14T19:56:44.841Z [ERROR]: Error: querySrv ECONNREFUSED _mongodb._tcp.cluster0.phfbtfn.mongodb.net
    at QueryReqWrap.onresolve [as oncomplete] (node:internal/dns/promises:295:17)
2026-07-14T20:00:15.791Z [INFO]: Starting server in development mode...
2026-07-14T20:00:15.824Z [ERROR]: Error: querySrv ECONNREFUSED _mongodb._tcp.cluster0.phfbtfn.mongodb.net
    at QueryReqWrap.onresolve [as oncomplete] (node:internal/dns/promises:295:17)
2026-07-14T20:02:11.211Z [INFO]: Starting server in development mode...
2026-07-14T20:02:11.255Z [ERROR]: Error: querySrv ECONNREFUSED _mongodb._tcp.cluster0.phfbtfn.mongodb.net
    at QueryReqWrap.onresolve [as oncomplete] (node:internal/dns/promises:295:17)
2026-07-14T20:05:12.983Z [INFO]: Starting server in development mode...
2026-07-14T20:05:13.014Z [ERROR]: Error: querySrv ECONNREFUSED _mongodb._tcp.cluster0.phfbtfn.mongodb.net
    at QueryReqWrap.onresolve [as oncomplete] (node:internal/dns/promises:295:17)
2026-07-14T20:41:34.483Z [INFO]: Starting server in development mode...
2026-07-14T20:41:34.515Z [ERROR]: Error: querySrv ECONNREFUSED _mongodb._tcp.cluster0.phfbtfn.mongodb.net
    at QueryReqWrap.onresolve [as oncomplete] (node:internal/dns/promises:295:17)
2026-07-16T13:55:35.583Z [INFO]: Starting server in development mode...
2026-07-16T13:56:05.773Z [ERROR]: MongooseServerSelectionError: Could not connect to any servers in your MongoDB Atlas cluster. One common reason is that you're trying to access the database from an IP that isn't whitelisted. Make sure your current IP address is on your Atlas cluster's IP whitelist: https://www.mongodb.com/docs/atlas/security-whitelist/
    at _handleConnectionErrors (C:\Users\Mr. Mubarack\Desktop\vtu-Platform\backend\node_modules\mongoose\lib\connection.js:1169:11)
    at NativeConnection.openUri (C:\Users\Mr. Mubarack\Desktop\vtu-Platform\backend\node_modules\mongoose\lib\connection.js:1100:11)
    at connectDB (C:\Users\Mr. Mubarack\Desktop\vtu-Platform\backend\src\config\db.ts:7:5)
    at startServer (C:\Users\Mr. Mubarack\Desktop\vtu-Platform\backend\src\server.ts:16:5)
2026-07-16T13:59:59.071Z [INFO]: Starting server in development mode...
2026-07-16T14:00:00.623Z [INFO]: ✅ MongoDB Connected Successfully
2026-07-16T14:00:00.626Z [INFO]: 🚀 Server running on http://localhost:5000
2026-07-16T14:05:50.977Z [INFO]: ::ffff:127.0.0.1 - - [16/Jul/2026:14:05:50 +0000] "POST /api/wallet/fund HTTP/1.1" 200 70 "-" "Thunder Client (https://www.thunderclient.com)"
2026-07-16T14:07:20.931Z [INFO]: ::ffff:127.0.0.1 - - [16/Jul/2026:14:07:20 +0000] "POST /api/data/buy HTTP/1.1" 400 46 "-" "Thunder Client (https://www.thunderclient.com)"
2026-07-16T14:07:41.113Z [INFO]: ::ffff:127.0.0.1 - - [16/Jul/2026:14:07:41 +0000] "POST /api/data/buy HTTP/1.1" 400 46 "-" "Thunder Client (https://www.thunderclient.com)"
2026-07-16T14:08:18.744Z [INFO]: ::ffff:127.0.0.1 - - [16/Jul/2026:14:08:18 +0000] "POST /api/data/buy HTTP/1.1" 400 46 "-" "Thunder Client (https://www.thunderclient.com)"
2026-07-16T14:11:37.175Z [INFO]: ::ffff:127.0.0.1 - - [16/Jul/2026:14:11:37 +0000] "POST /api/data/buy HTTP/1.1" 400 46 "-" "Thunder Client (https://www.thunderclient.com)"
2026-07-16T14:18:03.006Z [INFO]: ::ffff:127.0.0.1 - - [16/Jul/2026:14:18:03 +0000] "GET /api/wallet/me HTTP/1.1" 200 52 "-" "Thunder Client (https://www.thunderclient.com)"
2026-07-16T14:18:49.588Z [INFO]: ::ffff:127.0.0.1 - - [16/Jul/2026:14:18:49 +0000] "GET /api/wallet HTTP/1.1" 200 31 "-" "Thunder Client (https://www.thunderclient.com)"
2026-07-16T14:20:24.973Z [INFO]: Starting server in development mode...
2026-07-16T14:20:24.972Z [INFO]: Starting server in development mode...
2026-07-16T14:20:26.820Z [INFO]: ✅ MongoDB Connected Successfully
2026-07-16T14:20:26.820Z [INFO]: ✅ MongoDB Connected Successfully
2026-07-16T14:20:26.823Z [INFO]: 🚀 Server running on http://localhost:5000
2026-07-16T14:20:26.823Z [INFO]: 🚀 Server running on http://localhost:5000
2026-07-16T14:20:56.038Z [INFO]: Starting server in development mode...
2026-07-16T14:20:57.491Z [INFO]: ✅ MongoDB Connected Successfully
2026-07-16T14:20:57.493Z [INFO]: 🚀 Server running on http://localhost:5000
2026-07-16T14:23:12.640Z [INFO]: ::ffff:127.0.0.1 - - [16/Jul/2026:14:23:12 +0000] "POST /api/data/buy HTTP/1.1" 400 51 "-" "Thunder Client (https://www.thunderclient.com)"
2026-07-16T14:30:10.348Z [INFO]: Starting server in development mode...
2026-07-16T14:30:10.384Z [INFO]: Starting server in development mode...
2026-07-16T14:30:10.383Z [INFO]: Starting server in development mode...
2026-07-16T14:30:12.809Z [INFO]: ✅ MongoDB Connected Successfully
2026-07-16T14:30:12.813Z [INFO]: 🚀 Server running on http://localhost:5000
2026-07-16T14:30:13.288Z [INFO]: ✅ MongoDB Connected Successfully
2026-07-16T14:30:13.291Z [INFO]: 🚀 Server running on http://localhost:5000
2026-07-16T14:30:13.374Z [INFO]: ✅ MongoDB Connected Successfully
2026-07-16T14:30:13.376Z [INFO]: 🚀 Server running on http://localhost:5000
2026-07-16T14:31:31.624Z [INFO]: Starting server in development mode...
2026-07-16T14:31:31.853Z [INFO]: Starting server in development mode...
2026-07-16T14:31:31.889Z [INFO]: Starting server in development mode...
2026-07-16T14:31:33.303Z [INFO]: ✅ MongoDB Connected Successfully
2026-07-16T14:31:33.306Z [INFO]: 🚀 Server running on http://localhost:5000
2026-07-16T14:31:33.395Z [INFO]: ✅ MongoDB Connected Successfully
2026-07-16T14:31:33.397Z [INFO]: ✅ MongoDB Connected Successfully
2026-07-16T14:31:33.397Z [INFO]: 🚀 Server running on http://localhost:5000
2026-07-16T14:31:33.399Z [INFO]: 🚀 Server running on http://localhost:5000
2026-07-16T14:31:57.238Z [INFO]: Starting server in development mode...
2026-07-16T14:31:58.684Z [INFO]: ✅ MongoDB Connected Successfully
2026-07-16T14:31:58.686Z [INFO]: 🚀 Server running on http://localhost:5000
2026-07-16T14:34:44.535Z [INFO]: ::ffff:127.0.0.1 - - [16/Jul/2026:14:34:44 +0000] "POST /api/data/buy HTTP/1.1" 400 46 "-" "Thunder Client (https://www.thunderclient.com)"
2026-07-16T14:52:47.077Z [INFO]: ::ffff:127.0.0.1 - - [16/Jul/2026:14:52:47 +0000] "GET /api/wallet/me HTTP/1.1" 200 52 "-" "Thunder Client (https://www.thunderclient.com)"
2026-07-16T14:54:54.572Z [INFO]: ::ffff:127.0.0.1 - - [16/Jul/2026:14:54:54 +0000] "GET /api/wallet/ HTTP/1.1" 200 31 "-" "Thunder Client (https://www.thunderclient.com)"
2026-07-16T15:28:55.921Z [INFO]: Starting server in development mode...
2026-07-16T15:28:55.922Z [INFO]: Starting server in development mode...
2026-07-16T15:28:55.922Z [INFO]: Starting server in development mode...
2026-07-16T15:28:55.921Z [INFO]: Starting server in development mode...
2026-07-16T15:29:05.582Z [INFO]: ✅ MongoDB Connected Successfully
2026-07-16T15:29:05.584Z [INFO]: 🚀 Server running on http://localhost:5000
2026-07-16T15:29:06.231Z [INFO]: ✅ MongoDB Connected Successfully
2026-07-16T15:29:06.233Z [INFO]: 🚀 Server running on http://localhost:5000
2026-07-16T15:29:06.319Z [INFO]: ✅ MongoDB Connected Successfully
2026-07-16T15:29:06.321Z [INFO]: 🚀 Server running on http://localhost:5000
2026-07-16T15:29:06.353Z [INFO]: ✅ MongoDB Connected Successfully
2026-07-16T15:29:06.356Z [INFO]: 🚀 Server running on http://localhost:5000
2026-07-16T15:29:22.646Z [INFO]: Starting server in development mode...
2026-07-16T15:30:02.578Z [INFO]: ✅ MongoDB Connected Successfully
2026-07-16T15:30:02.587Z [INFO]: 🚀 Server running on http://localhost:5000
2026-07-16T15:32:29.128Z [INFO]: ::ffff:127.0.0.1 - - [16/Jul/2026:15:32:29 +0000] "POST /api/data/buy HTTP/1.1" 400 46 "-" "Thunder Client (https://www.thunderclient.com)"
2026-07-16T15:33:00.006Z [INFO]: ::ffff:127.0.0.1 - - [16/Jul/2026:15:33:00 +0000] "POST /api/data/buy HTTP/1.1" 400 46 "-" "Thunder Client (https://www.thunderclient.com)"
2026-07-16T15:33:14.524Z [INFO]: ::ffff:127.0.0.1 - - [16/Jul/2026:15:33:14 +0000] "GET /api/data/buy HTTP/1.1" 404 45 "-" "Thunder Client (https://www.thunderclient.com)"
2026-07-16T15:33:48.611Z [INFO]: ::ffff:127.0.0.1 - - [16/Jul/2026:15:33:48 +0000] "POST /api/data/buy HTTP/1.1" 400 46 "-" "Thunder Client (https://www.thunderclient.com)"
2026-07-16T15:35:25.793Z [INFO]: Starting server in development mode...
2026-07-16T15:35:25.802Z [INFO]: Starting server in development mode...
2026-07-16T15:35:25.817Z [INFO]: Starting server in development mode...
2026-07-16T15:35:25.852Z [INFO]: Starting server in development mode...
2026-07-16T15:35:25.861Z [INFO]: Starting server in development mode...
2026-07-16T15:35:27.607Z [INFO]: ✅ MongoDB Connected Successfully
2026-07-16T15:35:27.610Z [INFO]: ✅ MongoDB Connected Successfully
2026-07-16T15:35:27.610Z [INFO]: 🚀 Server running on http://localhost:5000
2026-07-16T15:35:27.618Z [INFO]: ✅ MongoDB Connected Successfully
2026-07-16T15:35:27.613Z [INFO]: 🚀 Server running on http://localhost:5000
2026-07-16T15:35:27.618Z [INFO]: ✅ MongoDB Connected Successfully
2026-07-16T15:35:27.622Z [INFO]: 🚀 Server running on http://localhost:5000
2026-07-16T15:35:27.623Z [INFO]: 🚀 Server running on http://localhost:5000
2026-07-16T15:35:27.656Z [INFO]: ✅ MongoDB Connected Successfully
2026-07-16T15:35:27.663Z [INFO]: 🚀 Server running on http://localhost:5000
2026-07-16T15:36:23.777Z [INFO]: ::ffff:127.0.0.1 - - [16/Jul/2026:15:36:23 +0000] "POST /api/data/buy HTTP/1.1" 400 51 "-" "Thunder Client (https://www.thunderclient.com)"
2026-07-16T15:36:38.381Z [INFO]: ::ffff:127.0.0.1 - - [16/Jul/2026:15:36:38 +0000] "POST /api/data/buy HTTP/1.1" 400 51 "-" "Thunder Client (https://www.thunderclient.com)"
2026-07-16T15:36:39.092Z [INFO]: ::ffff:127.0.0.1 - - [16/Jul/2026:15:36:39 +0000] "POST /api/data/buy HTTP/1.1" 400 51 "-" "Thunder Client (https://www.thunderclient.com)"
2026-07-16T15:37:40.155Z [INFO]: Received SIGINT. Shutting down gracefully...
2026-07-16T15:37:52.732Z [INFO]: Starting server in development mode...
2026-07-16T15:37:54.841Z [INFO]: ✅ MongoDB Connected Successfully
2026-07-16T15:37:54.847Z [INFO]: 🚀 Server running on http://localhost:5000
2026-07-16T15:39:43.461Z [INFO]: ::ffff:127.0.0.1 - - [16/Jul/2026:15:39:43 +0000] "POST /api/data/buy HTTP/1.1" 400 51 "-" "Thunder Client (https://www.thunderclient.com)"
2026-07-16T15:41:00.262Z [INFO]: Starting server in development mode...
2026-07-16T15:41:00.278Z [INFO]: Starting server in development mode...
2026-07-16T15:41:00.304Z [INFO]: Starting server in development mode...
2026-07-16T15:41:00.410Z [INFO]: Starting server in development mode...
2026-07-16T15:41:00.439Z [INFO]: Starting server in development mode...
2026-07-16T15:41:01.950Z [INFO]: ✅ MongoDB Connected Successfully
2026-07-16T15:41:01.959Z [INFO]: ✅ MongoDB Connected Successfully
2026-07-16T15:41:01.955Z [INFO]: 🚀 Server running on http://localhost:5000
2026-07-16T15:41:01.964Z [INFO]: 🚀 Server running on http://localhost:5000
2026-07-16T15:41:01.993Z [INFO]: ✅ MongoDB Connected Successfully
2026-07-16T15:41:02.005Z [INFO]: ✅ MongoDB Connected Successfully
2026-07-16T15:41:01.998Z [INFO]: 🚀 Server running on http://localhost:5000
2026-07-16T15:41:02.010Z [INFO]: 🚀 Server running on http://localhost:5000
2026-07-16T15:41:02.272Z [INFO]: ✅ MongoDB Connected Successfully
2026-07-16T15:41:02.276Z [INFO]: 🚀 Server running on http://localhost:5000
2026-07-16T15:41:17.934Z [INFO]: Received SIGINT. Shutting down gracefully...
2026-07-16T15:41:50.485Z [INFO]: Starting server in development mode...
2026-07-16T15:41:52.028Z [INFO]: ✅ MongoDB Connected Successfully
2026-07-16T15:41:52.031Z [INFO]: 🚀 Server running on http://localhost:5000
2026-07-16T15:42:54.709Z [INFO]: ::ffff:127.0.0.1 - - [16/Jul/2026:15:42:54 +0000] "POST /api/data/buy HTTP/1.1" 400 72 "-" "Thunder Client (https://www.thunderclient.com)"
2026-07-16T15:47:43.090Z [INFO]: Starting server in development mode...
2026-07-16T15:47:43.096Z [INFO]: Starting server in development mode...
2026-07-16T15:47:43.094Z [INFO]: Starting server in development mode...
2026-07-16T15:47:43.128Z [INFO]: Starting server in development mode...
2026-07-16T15:47:43.171Z [INFO]: Starting server in development mode...
2026-07-16T15:47:44.848Z [INFO]: ✅ MongoDB Connected Successfully
2026-07-16T15:47:44.849Z [INFO]: ✅ MongoDB Connected Successfully
2026-07-16T15:47:44.851Z [INFO]: 🚀 Server running on http://localhost:5000
2026-07-16T15:47:44.852Z [INFO]: 🚀 Server running on http://localhost:5000
2026-07-16T15:47:44.882Z [INFO]: ✅ MongoDB Connected Successfully
2026-07-16T15:47:44.889Z [INFO]: ✅ MongoDB Connected Successfully
2026-07-16T15:47:44.884Z [INFO]: 🚀 Server running on http://localhost:5000
2026-07-16T15:47:44.891Z [INFO]: 🚀 Server running on http://localhost:5000
2026-07-16T15:47:44.904Z [INFO]: ✅ MongoDB Connected Successfully
2026-07-16T15:47:44.907Z [INFO]: 🚀 Server running on http://localhost:5000
2026-07-16T15:47:48.297Z [INFO]: Received SIGINT. Shutting down gracefully...
2026-07-16T15:48:01.248Z [INFO]: Starting server in development mode...
2026-07-16T15:48:03.549Z [INFO]: ✅ MongoDB Connected Successfully
2026-07-16T15:48:03.553Z [INFO]: 🚀 Server running on http://localhost:5000
2026-07-16T15:51:53.699Z [INFO]: ::ffff:127.0.0.1 - - [16/Jul/2026:15:51:53 +0000] "POST /api/data/buy HTTP/1.1" 400 72 "-" "Thunder Client (https://www.thunderclient.com)"
2026-07-16T15:59:46.120Z [INFO]: ::ffff:127.0.0.1 - - [16/Jul/2026:15:59:46 +0000] "POST /api/data/buy HTTP/1.1" 400 72 "-" "Thunder Client (https://www.thunderclient.com)"
2026-07-16T16:04:52.826Z [INFO]: Starting server in development mode...
2026-07-16T16:04:52.826Z [INFO]: Starting server in development mode...
2026-07-16T16:04:52.826Z [INFO]: Starting server in development mode...
2026-07-16T16:04:52.826Z [INFO]: Starting server in development mode...
2026-07-16T16:04:52.827Z [INFO]: Starting server in development mode...
2026-07-16T16:04:55.356Z [INFO]: ✅ MongoDB Connected Successfully
2026-07-16T16:04:55.363Z [INFO]: 🚀 Server running on http://localhost:5000
2026-07-16T16:04:55.394Z [INFO]: ✅ MongoDB Connected Successfully
2026-07-16T16:04:55.397Z [INFO]: 🚀 Server running on http://localhost:5000
2026-07-16T16:04:55.556Z [INFO]: ✅ MongoDB Connected Successfully
2026-07-16T16:04:55.562Z [INFO]: ✅ MongoDB Connected Successfully
2026-07-16T16:04:55.560Z [INFO]: 🚀 Server running on http://localhost:5000
2026-07-16T16:04:55.567Z [INFO]: 🚀 Server running on http://localhost:5000
2026-07-16T16:04:55.587Z [INFO]: ✅ MongoDB Connected Successfully
2026-07-16T16:04:55.592Z [INFO]: 🚀 Server running on http://localhost:5000
2026-07-16T16:04:59.777Z [INFO]: Received SIGINT. Shutting down gracefully...
2026-07-16T16:05:18.350Z [INFO]: Starting server in development mode...
2026-07-16T16:05:20.378Z [INFO]: ✅ MongoDB Connected Successfully
2026-07-16T16:05:20.382Z [INFO]: 🚀 Server running on http://localhost:5000
2026-07-16T16:06:44.883Z [INFO]: ::ffff:127.0.0.1 - - [16/Jul/2026:16:06:44 +0000] "POST /api/data/buy HTTP/1.1" 400 72 "-" "Thunder Client (https://www.thunderclient.com)"
2026-07-16T16:08:45.861Z [INFO]: Received SIGINT. Shutting down gracefully...
2026-07-16T16:09:17.316Z [INFO]: Starting server in development mode...
2026-07-16T16:09:18.945Z [INFO]: ✅ MongoDB Connected Successfully
2026-07-16T16:09:18.948Z [INFO]: 🚀 Server running on http://localhost:5000
2026-07-16T16:09:33.778Z [INFO]: ::ffff:127.0.0.1 - - [16/Jul/2026:16:09:33 +0000] "POST /api/data/buy HTTP/1.1" 401 38 "-" "Thunder Client (https://www.thunderclient.com)"
2026-07-16T16:10:19.019Z [INFO]: ::ffff:127.0.0.1 - - [16/Jul/2026:16:10:19 +0000] "POST /api/data/buy HTTP/1.1" 400 72 "-" "Thunder Client (https://www.thunderclient.com)"
2026-07-16T16:30:58.844Z [INFO]: Received SIGINT. Shutting down gracefully...
2026-07-16T16:31:05.875Z [INFO]: Starting server in development mode...
2026-07-16T16:31:07.894Z [INFO]: ✅ MongoDB Connected Successfully
2026-07-16T16:31:07.898Z [INFO]: 🚀 Server running on http://localhost:5000
2026-07-16T16:34:21.131Z [INFO]: ::ffff:127.0.0.1 - - [16/Jul/2026:16:34:21 +0000] "POST /api/data/buy HTTP/1.1" 400 72 "-" "Thunder Client (https://www.thunderclient.com)"
2026-07-16T16:36:38.974Z [INFO]: Starting server in development mode...
2026-07-16T16:36:38.974Z [INFO]: Starting server in development mode...
2026-07-16T16:36:38.974Z [INFO]: Starting server in development mode...
2026-07-16T16:36:38.975Z [INFO]: Starting server in development mode...
2026-07-16T16:36:39.081Z [INFO]: Starting server in development mode...
2026-07-16T16:36:40.858Z [INFO]: ✅ MongoDB Connected Successfully
2026-07-16T16:36:40.862Z [INFO]: 🚀 Server running on http://localhost:5000
2026-07-16T16:36:40.956Z [INFO]: ✅ MongoDB Connected Successfully
2026-07-16T16:36:40.961Z [INFO]: 🚀 Server running on http://localhost:5000
2026-07-16T16:36:40.983Z [INFO]: ✅ MongoDB Connected Successfully
2026-07-16T16:36:40.986Z [INFO]: ✅ MongoDB Connected Successfully
2026-07-16T16:36:40.987Z [INFO]: 🚀 Server running on http://localhost:5000
2026-07-16T16:36:40.993Z [INFO]: 🚀 Server running on http://localhost:5000
2026-07-16T16:36:41.138Z [INFO]: ✅ MongoDB Connected Successfully
2026-07-16T16:36:41.145Z [INFO]: 🚀 Server running on http://localhost:5000
2026-07-16T16:36:59.786Z [INFO]: Received SIGINT. Shutting down gracefully...
2026-07-16T16:37:12.627Z [INFO]: Starting server in development mode...
2026-07-16T16:37:14.202Z [INFO]: ✅ MongoDB Connected Successfully
2026-07-16T16:37:14.211Z [INFO]: 🚀 Server running on http://localhost:5000
2026-07-16T16:38:32.324Z [INFO]: ::ffff:127.0.0.1 - - [16/Jul/2026:16:38:32 +0000] "POST /api/data/buy HTTP/1.1" 400 72 "-" "Thunder Client (https://www.thunderclient.com)"
2026-07-16T16:40:24.171Z [INFO]: Starting server in development mode...
2026-07-16T16:40:24.223Z [INFO]: Starting server in development mode...
2026-07-16T16:40:24.225Z [INFO]: Starting server in development mode...
2026-07-16T16:40:24.238Z [INFO]: Starting server in development mode...
2026-07-16T16:40:24.318Z [INFO]: Starting server in development mode...
2026-07-16T16:40:25.894Z [INFO]: ✅ MongoDB Connected Successfully
2026-07-16T16:40:25.893Z [INFO]: ✅ MongoDB Connected Successfully
2026-07-16T16:40:25.900Z [INFO]: ✅ MongoDB Connected Successfully
2026-07-16T16:40:25.898Z [INFO]: 🚀 Server running on http://localhost:5000
2026-07-16T16:40:25.899Z [INFO]: 🚀 Server running on http://localhost:5000
2026-07-16T16:40:25.905Z [INFO]: 🚀 Server running on http://localhost:5000
2026-07-16T16:40:25.915Z [INFO]: ✅ MongoDB Connected Successfully
2026-07-16T16:40:25.916Z [INFO]: ✅ MongoDB Connected Successfully
2026-07-16T16:40:25.919Z [INFO]: 🚀 Server running on http://localhost:5000
2026-07-16T16:40:25.919Z [INFO]: 🚀 Server running on http://localhost:5000
2026-07-16T16:40:34.526Z [INFO]: Received SIGINT. Shutting down gracefully...
2026-07-16T16:40:49.956Z [INFO]: Starting server in development mode...
2026-07-16T16:40:53.161Z [INFO]: ✅ MongoDB Connected Successfully
2026-07-16T16:40:53.164Z [INFO]: 🚀 Server running on http://localhost:5000
2026-07-16T16:42:17.004Z [INFO]: ::ffff:127.0.0.1 - - [16/Jul/2026:16:42:17 +0000] "POST /api/data/buy HTTP/1.1" 400 72 "-" "Thunder Client (https://www.thunderclient.com)"
2026-07-16T16:43:21.624Z [INFO]: Starting server in development mode...
2026-07-16T16:43:21.660Z [INFO]: Starting server in development mode...
2026-07-16T16:43:21.659Z [INFO]: Starting server in development mode...
2026-07-16T16:43:21.675Z [INFO]: Starting server in development mode...
2026-07-16T16:43:21.734Z [INFO]: Starting server in development mode...
2026-07-16T16:43:24.362Z [INFO]: ✅ MongoDB Connected Successfully
2026-07-16T16:43:24.376Z [INFO]: ✅ MongoDB Connected Successfully
2026-07-16T16:43:24.378Z [INFO]: ✅ MongoDB Connected Successfully
2026-07-16T16:43:24.370Z [INFO]: 🚀 Server running on http://localhost:5000
2026-07-16T16:43:24.384Z [INFO]: 🚀 Server running on http://localhost:5000
2026-07-16T16:43:24.384Z [INFO]: 🚀 Server running on http://localhost:5000
2026-07-16T16:43:24.497Z [INFO]: ✅ MongoDB Connected Successfully
2026-07-16T16:43:24.504Z [INFO]: 🚀 Server running on http://localhost:5000
2026-07-16T16:43:24.519Z [INFO]: ✅ MongoDB Connected Successfully
2026-07-16T16:43:24.525Z [INFO]: 🚀 Server running on http://localhost:5000
2026-07-16T16:44:16.890Z [INFO]: Received SIGINT. Shutting down gracefully...
2026-07-16T16:44:35.233Z [INFO]: Starting server in development mode...
2026-07-16T16:44:37.174Z [INFO]: ✅ MongoDB Connected Successfully
2026-07-16T16:44:37.177Z [INFO]: 🚀 Server running on http://localhost:5000
2026-07-16T16:46:14.035Z [INFO]: ::ffff:127.0.0.1 - - [16/Jul/2026:16:46:14 +0000] "POST /api/data/buy HTTP/1.1" 400 72 "-" "Thunder Client (https://www.thunderclient.com)"
2026-07-16T16:47:52.617Z [INFO]: Received SIGINT. Shutting down gracefully...
2026-07-16T16:52:37.547Z [INFO]: Starting server in development mode...
2026-07-16T16:52:37.593Z [INFO]: Starting server in development mode...
2026-07-16T16:52:37.645Z [INFO]: Starting server in development mode...
2026-07-16T16:52:37.670Z [INFO]: Starting server in development mode...
2026-07-16T16:52:39.241Z [INFO]: ✅ MongoDB Connected Successfully
2026-07-16T16:52:39.244Z [INFO]: 🚀 Server running on http://localhost:5000
2026-07-16T16:52:39.293Z [INFO]: ✅ MongoDB Connected Successfully
2026-07-16T16:52:39.295Z [INFO]: 🚀 Server running on http://localhost:5000
2026-07-16T16:52:39.435Z [INFO]: ✅ MongoDB Connected Successfully
2026-07-16T16:52:39.439Z [INFO]: 🚀 Server running on http://localhost:5000
2026-07-16T16:52:41.366Z [INFO]: ✅ MongoDB Connected Successfully
2026-07-16T16:52:41.371Z [INFO]: 🚀 Server running on http://localhost:5000
2026-07-16T16:53:01.981Z [INFO]: Starting server in development mode...
2026-07-16T16:53:02.002Z [INFO]: Starting server in development mode...
2026-07-16T16:53:01.990Z [INFO]: Starting server in development mode...
2026-07-16T16:53:02.022Z [INFO]: Starting server in development mode...
2026-07-16T16:53:03.397Z [INFO]: ✅ MongoDB Connected Successfully
2026-07-16T16:53:03.404Z [INFO]: ✅ MongoDB Connected Successfully
2026-07-16T16:53:03.400Z [INFO]: 🚀 Server running on http://localhost:5000
2026-07-16T16:53:03.408Z [INFO]: 🚀 Server running on http://localhost:5000
2026-07-16T16:53:03.419Z [INFO]: ✅ MongoDB Connected Successfully
2026-07-16T16:53:03.421Z [INFO]: 🚀 Server running on http://localhost:5000
2026-07-16T16:53:03.507Z [INFO]: ✅ MongoDB Connected Successfully
2026-07-16T16:53:03.511Z [INFO]: 🚀 Server running on http://localhost:5000
2026-07-16T16:53:06.178Z [INFO]: Starting server in development mode...
2026-07-16T16:53:07.618Z [INFO]: ✅ MongoDB Connected Successfully
2026-07-16T16:53:07.621Z [INFO]: 🚀 Server running on http://localhost:5000
2026-07-16T16:54:15.414Z [INFO]: Starting server in development mode...
2026-07-16T16:54:15.421Z [INFO]: Starting server in development mode...
2026-07-16T16:54:15.511Z [INFO]: Starting server in development mode...
2026-07-16T16:54:15.524Z [INFO]: Starting server in development mode...
2026-07-16T16:54:15.527Z [INFO]: Starting server in development mode...
2026-07-16T16:54:17.027Z [INFO]: ✅ MongoDB Connected Successfully
2026-07-16T16:54:17.033Z [INFO]: ✅ MongoDB Connected Successfully
2026-07-16T16:54:17.031Z [INFO]: 🚀 Server running on http://localhost:5000
2026-07-16T16:54:17.040Z [INFO]: ✅ MongoDB Connected Successfully
2026-07-16T16:54:17.036Z [INFO]: 🚀 Server running on http://localhost:5000
2026-07-16T16:54:17.043Z [INFO]: 🚀 Server running on http://localhost:5000
2026-07-16T16:54:17.089Z [INFO]: ✅ MongoDB Connected Successfully
2026-07-16T16:54:17.092Z [INFO]: 🚀 Server running on http://localhost:5000
2026-07-16T16:54:17.136Z [INFO]: ✅ MongoDB Connected Successfully
2026-07-16T16:54:17.139Z [INFO]: 🚀 Server running on http://localhost:5000
2026-07-16T16:55:21.048Z [INFO]: Starting server in development mode...
2026-07-16T16:55:21.067Z [INFO]: Starting server in development mode...
2026-07-16T16:55:21.071Z [INFO]: Starting server in development mode...
2026-07-16T16:55:21.150Z [INFO]: Starting server in development mode...
2026-07-16T16:55:21.199Z [INFO]: Starting server in development mode...
2026-07-16T16:55:22.878Z [INFO]: ✅ MongoDB Connected Successfully
2026-07-16T16:55:22.882Z [INFO]: 🚀 Server running on http://localhost:5000
2026-07-16T16:55:22.900Z [INFO]: ✅ MongoDB Connected Successfully
2026-07-16T16:55:22.904Z [INFO]: 🚀 Server running on http://localhost:5000
2026-07-16T16:55:22.925Z [INFO]: ✅ MongoDB Connected Successfully
2026-07-16T16:55:22.928Z [INFO]: 🚀 Server running on http://localhost:5000
2026-07-16T16:55:22.987Z [INFO]: ✅ MongoDB Connected Successfully
2026-07-16T16:55:22.992Z [INFO]: 🚀 Server running on http://localhost:5000
2026-07-16T16:55:23.192Z [INFO]: ✅ MongoDB Connected Successfully
2026-07-16T16:55:23.199Z [INFO]: 🚀 Server running on http://localhost:5000
2026-07-16T16:55:38.691Z [INFO]: Starting server in development mode...
2026-07-16T16:55:40.217Z [INFO]: ✅ MongoDB Connected Successfully
2026-07-16T16:55:40.219Z [INFO]: 🚀 Server running on http://localhost:5000
2026-07-16T16:56:18.534Z [INFO]: ::ffff:127.0.0.1 - - [16/Jul/2026:16:56:18 +0000] "GET /api/data/plans/mtn HTTP/1.1" 200 - "-" "Thunder Client (https://www.thunderclient.com)"
2026-07-16T16:57:55.171Z [INFO]: Received SIGINT. Shutting down gracefully...
2026-07-16T17:00:28.968Z [INFO]: Starting server in development mode...
2026-07-16T17:00:28.971Z [INFO]: Starting server in development mode...
2026-07-16T17:00:29.010Z [INFO]: Starting server in development mode...
2026-07-16T17:00:29.080Z [INFO]: Starting server in development mode...
2026-07-16T17:00:30.722Z [INFO]: ✅ MongoDB Connected Successfully
2026-07-16T17:00:30.726Z [INFO]: ✅ MongoDB Connected Successfully
2026-07-16T17:00:30.729Z [INFO]: 🚀 Server running on http://localhost:5000
2026-07-16T17:00:30.732Z [INFO]: 🚀 Server running on http://localhost:5000
2026-07-16T17:00:30.985Z [INFO]: ✅ MongoDB Connected Successfully
2026-07-16T17:00:30.993Z [INFO]: 🚀 Server running on http://localhost:5000
2026-07-16T17:00:31.785Z [INFO]: ✅ MongoDB Connected Successfully
2026-07-16T17:00:31.790Z [INFO]: 🚀 Server running on http://localhost:5000
2026-07-16T17:00:50.898Z [INFO]: Starting server in development mode...
2026-07-16T17:00:52.478Z [INFO]: ✅ MongoDB Connected Successfully
2026-07-16T17:00:52.484Z [INFO]: 🚀 Server running on http://localhost:5000
2026-07-16T17:01:38.150Z [INFO]: ::ffff:127.0.0.1 - - [16/Jul/2026:17:01:38 +0000] "POST /api/data/buy HTTP/1.1" 400 72 "-" "Thunder Client (https://www.thunderclient.com)"
2026-07-16T17:04:18.239Z [INFO]: Received SIGINT. Shutting down gracefully...
2026-07-16T17:11:52.925Z [INFO]: Starting server in development mode...
2026-07-16T17:11:52.940Z [INFO]: Starting server in development mode...
2026-07-16T17:11:52.940Z [INFO]: Starting server in development mode...
2026-07-16T17:11:52.946Z [INFO]: Starting server in development mode...
2026-07-16T17:11:54.718Z [INFO]: ✅ MongoDB Connected Successfully
2026-07-16T17:11:54.720Z [INFO]: ✅ MongoDB Connected Successfully
2026-07-16T17:11:54.720Z [INFO]: ✅ MongoDB Connected Successfully
2026-07-16T17:11:54.723Z [INFO]: ✅ MongoDB Connected Successfully
2026-07-16T17:11:54.728Z [INFO]: 🚀 Server running on http://localhost:5000
2026-07-16T17:11:54.725Z [INFO]: 🚀 Server running on http://localhost:5000
2026-07-16T17:11:54.726Z [INFO]: 🚀 Server running on http://localhost:5000
2026-07-16T17:11:54.732Z [INFO]: 🚀 Server running on http://localhost:5000
2026-07-16T17:13:04.984Z [INFO]: Starting server in development mode...
2026-07-16T17:13:05.018Z [INFO]: Starting server in development mode...
2026-07-16T17:13:05.022Z [INFO]: Starting server in development mode...
2026-07-16T17:13:05.088Z [INFO]: Starting server in development mode...
2026-07-16T17:13:07.089Z [INFO]: ✅ MongoDB Connected Successfully
2026-07-16T17:13:07.093Z [INFO]: 🚀 Server running on http://localhost:5000
2026-07-16T17:13:07.167Z [INFO]: ✅ MongoDB Connected Successfully
2026-07-16T17:13:07.167Z [INFO]: ✅ MongoDB Connected Successfully
2026-07-16T17:13:07.173Z [INFO]: ✅ MongoDB Connected Successfully
2026-07-16T17:13:07.170Z [INFO]: 🚀 Server running on http://localhost:5000
2026-07-16T17:13:07.170Z [INFO]: 🚀 Server running on http://localhost:5000
2026-07-16T17:13:07.177Z [INFO]: 🚀 Server running on http://localhost:5000
2026-07-16T17:14:46.863Z [INFO]: Starting server in development mode...
2026-07-16T17:14:46.870Z [INFO]: Starting server in development mode...
2026-07-16T17:14:46.940Z [INFO]: Starting server in development mode...
2026-07-16T17:14:46.968Z [INFO]: Starting server in development mode...
2026-07-16T17:14:48.773Z [INFO]: ✅ MongoDB Connected Successfully
2026-07-16T17:14:48.776Z [INFO]: ✅ MongoDB Connected Successfully
2026-07-16T17:14:48.779Z [INFO]: ✅ MongoDB Connected Successfully
2026-07-16T17:14:48.783Z [INFO]: 🚀 Server running on http://localhost:5000
2026-07-16T17:14:48.784Z [INFO]: 🚀 Server running on http://localhost:5000
2026-07-16T17:14:48.784Z [INFO]: 🚀 Server running on http://localhost:5000
2026-07-16T17:14:49.227Z [INFO]: ✅ MongoDB Connected Successfully
2026-07-16T17:14:49.233Z [INFO]: 🚀 Server running on http://localhost:5000
2026-07-16T17:15:50.887Z [INFO]: Starting server in development mode...
2026-07-16T17:15:50.899Z [INFO]: Starting server in development mode...
2026-07-16T17:15:50.902Z [INFO]: Starting server in development mode...
2026-07-16T17:15:50.975Z [INFO]: Starting server in development mode...
2026-07-16T17:15:52.569Z [INFO]: ✅ MongoDB Connected Successfully
2026-07-16T17:15:52.576Z [INFO]: 🚀 Server running on http://localhost:5000
2026-07-16T17:15:52.612Z [INFO]: ✅ MongoDB Connected Successfully
2026-07-16T17:15:52.623Z [INFO]: ✅ MongoDB Connected Successfully
2026-07-16T17:15:52.618Z [INFO]: 🚀 Server running on http://localhost:5000
2026-07-16T17:15:52.627Z [INFO]: 🚀 Server running on http://localhost:5000
2026-07-16T17:15:52.743Z [INFO]: ✅ MongoDB Connected Successfully
2026-07-16T17:15:52.749Z [INFO]: 🚀 Server running on http://localhost:5000
2026-07-16T17:17:50.834Z [INFO]: Starting server in development mode...
2026-07-16T17:17:50.876Z [INFO]: Starting server in development mode...
2026-07-16T17:17:50.882Z [INFO]: Starting server in development mode...
2026-07-16T17:17:50.890Z [INFO]: Starting server in development mode...
2026-07-16T17:17:54.393Z [INFO]: ✅ MongoDB Connected Successfully
2026-07-16T17:17:54.403Z [INFO]: 🚀 Server running on http://localhost:5000
2026-07-16T17:17:54.578Z [INFO]: ✅ MongoDB Connected Successfully
2026-07-16T17:17:54.583Z [INFO]: 🚀 Server running on http://localhost:5000
2026-07-16T17:17:54.872Z [INFO]: ✅ MongoDB Connected Successfully
2026-07-16T17:17:54.880Z [INFO]: 🚀 Server running on http://localhost:5000
2026-07-16T17:17:55.657Z [INFO]: ✅ MongoDB Connected Successfully
2026-07-16T17:17:55.663Z [INFO]: 🚀 Server running on http://localhost:5000
2026-07-16T17:18:21.526Z [INFO]: Starting server in development mode...
2026-07-16T17:18:21.571Z [INFO]: Starting server in development mode...
2026-07-16T17:18:21.586Z [INFO]: Starting server in development mode...
2026-07-16T17:18:21.626Z [INFO]: Starting server in development mode...
2026-07-16T17:18:23.120Z [INFO]: ✅ MongoDB Connected Successfully
2026-07-16T17:18:23.124Z [INFO]: 🚀 Server running on http://localhost:5000
2026-07-16T17:18:23.134Z [INFO]: ✅ MongoDB Connected Successfully
2026-07-16T17:18:23.140Z [INFO]: 🚀 Server running on http://localhost:5000
2026-07-16T17:18:23.404Z [INFO]: ✅ MongoDB Connected Successfully
2026-07-16T17:18:23.417Z [INFO]: ✅ MongoDB Connected Successfully
2026-07-16T17:18:23.409Z [INFO]: 🚀 Server running on http://localhost:5000
2026-07-16T17:18:23.421Z [INFO]: 🚀 Server running on http://localhost:5000
2026-07-16T17:20:17.739Z [INFO]: Starting server in development mode...
2026-07-16T17:20:33.743Z [INFO]: ✅ MongoDB Connected Successfully
2026-07-16T17:20:33.746Z [INFO]: 🚀 Server running on http://localhost:5000
2026-07-16T17:21:57.237Z [INFO]: ::ffff:127.0.0.1 - - [16/Jul/2026:17:21:57 +0000] "GET /api/wallet/me HTTP/1.1" 200 52 "-" "Thunder Client (https://www.thunderclient.com)"
2026-07-16T17:23:00.161Z [INFO]: ::ffff:127.0.0.1 - - [16/Jul/2026:17:23:00 +0000] "GET /api/wallet/me HTTP/1.1" 200 52 "-" "Thunder Client (https://www.thunderclient.com)"
2026-07-16T17:23:01.839Z [INFO]: ::ffff:127.0.0.1 - - [16/Jul/2026:17:23:01 +0000] "GET /api/wallet/me HTTP/1.1" 200 52 "-" "Thunder Client (https://www.thunderclient.com)"
2026-07-16T17:24:11.970Z [INFO]: ::ffff:127.0.0.1 - - [16/Jul/2026:17:24:11 +0000] "GET /api/wallet/me HTTP/1.1" 200 52 "-" "Thunder Client (https://www.thunderclient.com)"
2026-07-17T06:26:48.820Z [INFO]: ::ffff:127.0.0.1 - - [17/Jul/2026:06:26:48 +0000] "GET /api/wallet/ HTTP/1.1" 200 31 "-" "Thunder Client (https://www.thunderclient.com)"
2026-07-17T06:28:24.156Z [INFO]: ::ffff:127.0.0.1 - - [17/Jul/2026:06:28:24 +0000] "POST /api/airtime/buy HTTP/1.1" 500 82 "-" "Thunder Client (https://www.thunderclient.com)"
2026-07-17T06:31:52.544Z [INFO]: Starting server in development mode...
2026-07-17T06:31:52.542Z [INFO]: Starting server in development mode...
2026-07-17T06:31:52.543Z [INFO]: Starting server in development mode...
2026-07-17T06:31:52.543Z [INFO]: Starting server in development mode...
2026-07-17T06:31:52.544Z [INFO]: Starting server in development mode...
2026-07-17T06:31:54.147Z [INFO]: ✅ MongoDB Connected Successfully
2026-07-17T06:31:54.151Z [INFO]: 🚀 Server running on http://localhost:5000
2026-07-17T06:31:54.202Z [INFO]: ✅ MongoDB Connected Successfully
2026-07-17T06:31:54.206Z [INFO]: 🚀 Server running on http://localhost:5000
2026-07-17T06:31:54.217Z [INFO]: ✅ MongoDB Connected Successfully
2026-07-17T06:31:54.221Z [INFO]: 🚀 Server running on http://localhost:5000
2026-07-17T06:31:54.266Z [INFO]: ✅ MongoDB Connected Successfully
2026-07-17T06:31:54.267Z [INFO]: ✅ MongoDB Connected Successfully
2026-07-17T06:31:54.270Z [INFO]: 🚀 Server running on http://localhost:5000
2026-07-17T06:31:54.273Z [INFO]: 🚀 Server running on http://localhost:5000
2026-07-17T06:32:04.448Z [INFO]: Received SIGINT. Shutting down gracefully...
2026-07-17T06:32:16.160Z [INFO]: Starting server in development mode...
2026-07-17T06:32:17.811Z [INFO]: ✅ MongoDB Connected Successfully
2026-07-17T06:32:17.815Z [INFO]: 🚀 Server running on http://localhost:5000
2026-07-17T06:33:19.948Z [INFO]: ::ffff:127.0.0.1 - - [17/Jul/2026:06:33:19 +0000] "POST /api/airtime/buy HTTP/1.1" 500 91 "-" "Thunder Client (https://www.thunderclient.com)"
2026-07-17T07:01:10.434Z [INFO]: Starting server in development mode...
2026-07-17T07:01:10.494Z [INFO]: Starting server in development mode...
2026-07-17T07:01:10.546Z [INFO]: Starting server in development mode...
2026-07-17T07:01:10.685Z [INFO]: Starting server in development mode...
2026-07-17T07:01:10.696Z [INFO]: Starting server in development mode...
2026-07-17T07:01:12.205Z [INFO]: ✅ MongoDB Connected Successfully
2026-07-17T07:01:12.210Z [INFO]: 🚀 Server running on http://localhost:5000
2026-07-17T07:01:12.229Z [INFO]: ✅ MongoDB Connected Successfully
2026-07-17T07:01:12.240Z [INFO]: ✅ MongoDB Connected Successfully
2026-07-17T07:01:12.234Z [INFO]: 🚀 Server running on http://localhost:5000
2026-07-17T07:01:12.244Z [INFO]: 🚀 Server running on http://localhost:5000
2026-07-17T07:01:12.269Z [INFO]: ✅ MongoDB Connected Successfully
2026-07-17T07:01:12.272Z [INFO]: 🚀 Server running on http://localhost:5000
2026-07-17T07:01:12.304Z [INFO]: ✅ MongoDB Connected Successfully
2026-07-17T07:01:12.307Z [INFO]: 🚀 Server running on http://localhost:5000
2026-07-17T07:02:13.330Z [INFO]: Starting server in development mode...
2026-07-17T07:02:13.347Z [INFO]: Starting server in development mode...
2026-07-17T07:02:13.340Z [INFO]: Starting server in development mode...
2026-07-17T07:02:13.396Z [INFO]: Starting server in development mode...
2026-07-17T07:02:13.449Z [INFO]: Starting server in development mode...
2026-07-17T07:02:14.998Z [INFO]: ✅ MongoDB Connected Successfully
2026-07-17T07:02:15.008Z [INFO]: 🚀 Server running on http://localhost:5000
2026-07-17T07:02:15.129Z [INFO]: ✅ MongoDB Connected Successfully
2026-07-17T07:02:15.141Z [INFO]: ✅ MongoDB Connected Successfully
2026-07-17T07:02:15.133Z [INFO]: 🚀 Server running on http://localhost:5000
2026-07-17T07:02:15.144Z [INFO]: 🚀 Server running on http://localhost:5000
2026-07-17T07:02:15.153Z [INFO]: ✅ MongoDB Connected Successfully
2026-07-17T07:02:15.158Z [INFO]: 🚀 Server running on http://localhost:5000
2026-07-17T07:02:15.177Z [INFO]: ✅ MongoDB Connected Successfully
2026-07-17T07:02:15.181Z [INFO]: 🚀 Server running on http://localhost:5000
2026-07-17T07:02:27.145Z [INFO]: Received SIGINT. Shutting down gracefully...
2026-07-17T07:02:35.087Z [INFO]: Starting server in development mode...
2026-07-17T07:02:36.846Z [INFO]: ✅ MongoDB Connected Successfully
2026-07-17T07:02:36.852Z [INFO]: 🚀 Server running on http://localhost:5000
2026-07-17T07:04:18.908Z [INFO]: ::ffff:127.0.0.1 - - [17/Jul/2026:07:04:18 +0000] "POST /api/airtime/buy HTTP/1.1" 500 91 "-" "Thunder Client (https://www.thunderclient.com)"
2026-07-17T07:05:12.521Z [INFO]: Received SIGINT. Shutting down gracefully...
2026-07-17T07:05:19.531Z [INFO]: Starting server in development mode...
2026-07-17T07:05:21.390Z [INFO]: ✅ MongoDB Connected Successfully
2026-07-17T07:05:21.393Z [INFO]: 🚀 Server running on http://localhost:5000
2026-07-17T07:13:14.625Z [INFO]: Starting server in development mode...
2026-07-17T07:13:14.745Z [INFO]: Starting server in development mode...
2026-07-17T07:13:14.833Z [INFO]: Starting server in development mode...
2026-07-17T07:13:14.880Z [INFO]: Starting server in development mode...
2026-07-17T07:13:14.888Z [INFO]: Starting server in development mode...
2026-07-17T07:13:16.422Z [INFO]: ✅ MongoDB Connected Successfully
2026-07-17T07:13:16.424Z [INFO]: ✅ MongoDB Connected Successfully
2026-07-17T07:13:16.424Z [INFO]: ✅ MongoDB Connected Successfully
2026-07-17T07:13:16.429Z [INFO]: 🚀 Server running on http://localhost:5000
2026-07-17T07:13:16.431Z [INFO]: 🚀 Server running on http://localhost:5000
2026-07-17T07:13:16.432Z [INFO]: 🚀 Server running on http://localhost:5000
2026-07-17T07:13:16.469Z [INFO]: ✅ MongoDB Connected Successfully
2026-07-17T07:13:16.484Z [INFO]: ✅ MongoDB Connected Successfully
2026-07-17T07:13:16.476Z [INFO]: 🚀 Server running on http://localhost:5000
2026-07-17T07:13:16.490Z [INFO]: 🚀 Server running on http://localhost:5000
2026-07-17T07:14:22.581Z [INFO]: Starting server in development mode...
2026-07-17T07:14:22.751Z [INFO]: Starting server in development mode...
2026-07-17T07:14:22.776Z [INFO]: Starting server in development mode...
2026-07-17T07:14:22.897Z [INFO]: Starting server in development mode...
2026-07-17T07:14:22.939Z [INFO]: Starting server in development mode...
2026-07-17T07:14:24.389Z [INFO]: ✅ MongoDB Connected Successfully
2026-07-17T07:14:24.396Z [INFO]: 🚀 Server running on http://localhost:5000
2026-07-17T07:14:24.409Z [INFO]: ✅ MongoDB Connected Successfully
2026-07-17T07:14:24.410Z [INFO]: ✅ MongoDB Connected Successfully
2026-07-17T07:14:24.414Z [INFO]: 🚀 Server running on http://localhost:5000
2026-07-17T07:14:24.413Z [INFO]: 🚀 Server running on http://localhost:5000
2026-07-17T07:14:24.479Z [INFO]: ✅ MongoDB Connected Successfully
2026-07-17T07:14:24.485Z [INFO]: 🚀 Server running on http://localhost:5000
2026-07-17T07:14:24.525Z [INFO]: ✅ MongoDB Connected Successfully
2026-07-17T07:14:24.531Z [INFO]: 🚀 Server running on http://localhost:5000
2026-07-17T07:15:49.376Z [INFO]: ::ffff:127.0.0.1 - - [17/Jul/2026:07:15:49 +0000] "POST /api/airtime/buy HTTP/1.1" 400 72 "-" "Thunder Client (https://www.thunderclient.com)"
2026-07-17T07:17:11.525Z [INFO]: ::ffff:127.0.0.1 - - [17/Jul/2026:07:17:11 +0000] "GET /api/wallet/ HTTP/1.1" 200 31 "-" "Thunder Client (https://www.thunderclient.com)"
2026-07-17T07:24:43.834Z [INFO]: ::ffff:127.0.0.1 - - [17/Jul/2026:07:24:43 +0000] "POST /api/data/buy HTTP/1.1" 400 56 "-" "Thunder Client (https://www.thunderclient.com)"
2026-07-17T07:25:27.287Z [INFO]: ::ffff:127.0.0.1 - - [17/Jul/2026:07:25:27 +0000] "POST /api/data/buy HTTP/1.1" 400 56 "-" "Thunder Client (https://www.thunderclient.com)"
2026-07-17T07:25:37.794Z [INFO]: ::ffff:127.0.0.1 - - [17/Jul/2026:07:25:37 +0000] "POST /api/data/buy HTTP/1.1" 400 56 "-" "Thunder Client (https://www.thunderclient.com)"
2026-07-17T07:25:53.132Z [INFO]: ::ffff:127.0.0.1 - - [17/Jul/2026:07:25:53 +0000] "POST /api/data/buy HTTP/1.1" 400 56 "-" "Thunder Client (https://www.thunderclient.com)"
2026-07-17T07:40:25.720Z [INFO]: Starting server in development mode...
2026-07-17T07:40:25.719Z [INFO]: Starting server in development mode...
2026-07-17T07:40:25.719Z [INFO]: Starting server in development mode...
2026-07-17T07:40:25.719Z [INFO]: Starting server in development mode...
2026-07-17T07:40:25.720Z [INFO]: Starting server in development mode...
2026-07-17T07:40:27.488Z [INFO]: ✅ MongoDB Connected Successfully
2026-07-17T07:40:27.493Z [INFO]: 🚀 Server running on http://localhost:5000
2026-07-17T07:40:27.605Z [INFO]: ✅ MongoDB Connected Successfully
2026-07-17T07:40:27.610Z [INFO]: 🚀 Server running on http://localhost:5000
2026-07-17T07:40:27.635Z [INFO]: ✅ MongoDB Connected Successfully
2026-07-17T07:40:27.639Z [INFO]: 🚀 Server running on http://localhost:5000
2026-07-17T07:40:27.660Z [INFO]: ✅ MongoDB Connected Successfully
2026-07-17T07:40:27.666Z [INFO]: 🚀 Server running on http://localhost:5000
2026-07-17T07:40:28.147Z [INFO]: ✅ MongoDB Connected Successfully
2026-07-17T07:40:28.152Z [INFO]: 🚀 Server running on http://localhost:5000
2026-07-17T07:42:26.331Z [INFO]: Starting server in development mode...
2026-07-17T07:42:26.395Z [INFO]: Starting server in development mode...
2026-07-17T07:42:26.411Z [INFO]: Starting server in development mode...
2026-07-17T07:42:26.483Z [INFO]: Starting server in development mode...
2026-07-17T07:42:26.495Z [INFO]: Starting server in development mode...
2026-07-17T07:42:28.001Z [INFO]: ✅ MongoDB Connected Successfully
2026-07-17T07:42:28.007Z [INFO]: 🚀 Server running on http://localhost:5000
2026-07-17T07:42:28.037Z [INFO]: ✅ MongoDB Connected Successfully
2026-07-17T07:42:28.042Z [INFO]: 🚀 Server running on http://localhost:5000
2026-07-17T07:42:28.064Z [INFO]: ✅ MongoDB Connected Successfully
2026-07-17T07:42:28.069Z [INFO]: 🚀 Server running on http://localhost:5000
2026-07-17T07:42:28.079Z [INFO]: ✅ MongoDB Connected Successfully
2026-07-17T07:42:28.087Z [INFO]: ✅ MongoDB Connected Successfully
2026-07-17T07:42:28.084Z [INFO]: 🚀 Server running on http://localhost:5000
2026-07-17T07:42:28.093Z [INFO]: 🚀 Server running on http://localhost:5000
2026-07-17T07:43:27.274Z [INFO]: Starting server in development mode...
2026-07-17T07:43:28.759Z [INFO]: ✅ MongoDB Connected Successfully
2026-07-17T07:43:28.762Z [INFO]: 🚀 Server running on http://localhost:5000
2026-07-17T07:44:43.601Z [INFO]: ::ffff:127.0.0.1 - - [17/Jul/2026:07:44:43 +0000] "GET /api/data/plans/mtn HTTP/1.1" 200 - "-" "Thunder Client (https://www.thunderclient.com)"
2026-07-17T07:53:03.866Z [INFO]: ::ffff:127.0.0.1 - - [17/Jul/2026:07:53:03 +0000] "POST /api/data/buy HTTP/1.1" 400 56 "-" "Thunder Client (https://www.thunderclient.com)"
2026-07-17T07:54:09.230Z [INFO]: ::ffff:127.0.0.1 - - [17/Jul/2026:07:54:09 +0000] "POST /api/data/buy HTTP/1.1" 400 72 "-" "Thunder Client (https://www.thunderclient.com)"
2026-07-17T08:10:29.444Z [INFO]: Starting server in development mode...
2026-07-17T08:10:29.500Z [INFO]: Starting server in development mode...
2026-07-17T08:10:29.566Z [INFO]: Starting server in development mode...
2026-07-17T08:10:29.572Z [INFO]: Starting server in development mode...
2026-07-17T08:10:29.604Z [INFO]: Starting server in development mode...
2026-07-17T08:10:29.663Z [INFO]: Starting server in development mode...
2026-07-17T08:10:35.217Z [INFO]: Starting server in development mode...
2026-07-17T08:10:35.273Z [INFO]: Starting server in development mode...
2026-07-17T08:10:35.347Z [INFO]: Starting server in development mode...
2026-07-17T08:10:35.360Z [INFO]: Starting server in development mode...
2026-07-17T08:10:35.499Z [INFO]: Starting server in development mode...
2026-07-17T08:10:35.511Z [INFO]: Starting server in development mode...
2026-07-17T08:10:36.688Z [INFO]: ✅ MongoDB Connected Successfully
2026-07-17T08:10:36.692Z [INFO]: 🚀 Server running on http://localhost:5000
2026-07-17T08:10:36.773Z [INFO]: ✅ MongoDB Connected Successfully
2026-07-17T08:10:36.773Z [INFO]: ✅ MongoDB Connected Successfully
2026-07-17T08:10:36.776Z [INFO]: 🚀 Server running on http://localhost:5000
2026-07-17T08:10:36.776Z [INFO]: 🚀 Server running on http://localhost:5000
2026-07-17T08:10:36.845Z [INFO]: ✅ MongoDB Connected Successfully
2026-07-17T08:10:36.848Z [INFO]: 🚀 Server running on http://localhost:5000
2026-07-17T08:10:36.856Z [INFO]: ✅ MongoDB Connected Successfully
2026-07-17T08:10:36.859Z [INFO]: 🚀 Server running on http://localhost:5000
2026-07-17T08:10:36.877Z [INFO]: ✅ MongoDB Connected Successfully
2026-07-17T08:10:36.880Z [INFO]: 🚀 Server running on http://localhost:5000
2026-07-17T08:12:42.441Z [INFO]: Starting server in development mode...
2026-07-17T08:12:42.464Z [INFO]: Starting server in development mode...
2026-07-17T08:12:42.478Z [INFO]: Starting server in development mode...
2026-07-17T08:12:42.649Z [INFO]: Starting server in development mode...
2026-07-17T08:12:42.711Z [INFO]: Starting server in development mode...
2026-07-17T08:12:42.878Z [INFO]: Starting server in development mode...
2026-07-17T08:12:44.097Z [INFO]: ✅ MongoDB Connected Successfully
2026-07-17T08:12:44.101Z [INFO]: 🚀 Server running on http://localhost:5000
2026-07-17T08:12:44.113Z [INFO]: ✅ MongoDB Connected Successfully
2026-07-17T08:12:44.113Z [INFO]: ✅ MongoDB Connected Successfully
2026-07-17T08:12:44.116Z [INFO]: 🚀 Server running on http://localhost:5000
2026-07-17T08:12:44.117Z [INFO]: 🚀 Server running on http://localhost:5000
2026-07-17T08:12:44.155Z [INFO]: ✅ MongoDB Connected Successfully
2026-07-17T08:12:44.161Z [INFO]: ✅ MongoDB Connected Successfully
2026-07-17T08:12:44.164Z [INFO]: ✅ MongoDB Connected Successfully
2026-07-17T08:12:44.158Z [INFO]: 🚀 Server running on http://localhost:5000
2026-07-17T08:12:44.164Z [INFO]: 🚀 Server running on http://localhost:5000
2026-07-17T08:12:44.167Z [INFO]: 🚀 Server running on http://localhost:5000
2026-07-17T08:13:30.182Z [INFO]: Starting server in development mode...
2026-07-17T08:13:30.186Z [INFO]: Starting server in development mode...
2026-07-17T08:13:30.209Z [INFO]: Starting server in development mode...
2026-07-17T08:13:30.283Z [INFO]: Starting server in development mode...
2026-07-17T08:13:30.347Z [INFO]: Starting server in development mode...
2026-07-17T08:13:30.633Z [INFO]: Starting server in development mode...
2026-07-17T08:13:31.581Z [INFO]: ✅ MongoDB Connected Successfully
2026-07-17T08:13:31.587Z [INFO]: 🚀 Server running on http://localhost:5000
2026-07-17T08:13:31.670Z [INFO]: ✅ MongoDB Connected Successfully
2026-07-17T08:13:31.675Z [INFO]: 🚀 Server running on http://localhost:5000
2026-07-17T08:13:31.717Z [INFO]: ✅ MongoDB Connected Successfully
2026-07-17T08:13:31.728Z [INFO]: ✅ MongoDB Connected Successfully
2026-07-17T08:13:31.723Z [INFO]: 🚀 Server running on http://localhost:5000
2026-07-17T08:13:31.736Z [INFO]: 🚀 Server running on http://localhost:5000
2026-07-17T08:13:31.752Z [INFO]: ✅ MongoDB Connected Successfully
2026-07-17T08:13:31.756Z [INFO]: 🚀 Server running on http://localhost:5000
2026-07-17T08:13:31.915Z [INFO]: ✅ MongoDB Connected Successfully
2026-07-17T08:13:31.923Z [INFO]: 🚀 Server running on http://localhost:5000
2026-07-17T08:22:27.756Z [INFO]: Received SIGINT. Shutting down gracefully...
2026-07-17T08:22:34.340Z [INFO]: Starting server in development mode...
2026-07-17T08:22:36.001Z [INFO]: ✅ MongoDB Connected Successfully
2026-07-17T08:22:36.004Z [INFO]: 🚀 Server running on http://localhost:5000
2026-07-17T08:24:25.095Z [INFO]: ::ffff:127.0.0.1 - - [17/Jul/2026:08:24:25 +0000] "POST /api/airtime/buy HTTP/1.1" 400 48 "-" "Thunder Client (https://www.thunderclient.com)"
2026-07-17T08:27:06.362Z [INFO]: ::ffff:127.0.0.1 - - [17/Jul/2026:08:27:06 +0000] "POST /api/airtime/buy HTTP/1.1" 400 48 "-" "Thunder Client (https://www.thunderclient.com)"
2026-07-17T08:31:23.963Z [INFO]: ::ffff:127.0.0.1 - - [17/Jul/2026:08:31:23 +0000] "POST /api/airtime/buy HTTP/1.1" 400 48 "-" "Thunder Client (https://www.thunderclient.com)"
2026-07-17T08:31:50.697Z [INFO]: ::ffff:127.0.0.1 - - [17/Jul/2026:08:31:50 +0000] "POST /api/airtime/buy HTTP/1.1" 400 48 "-" "Thunder Client (https://www.thunderclient.com)"
2026-07-17T08:36:14.784Z [INFO]: ::ffff:127.0.0.1 - - [17/Jul/2026:08:36:14 +0000] "POST /api/airtime/buy HTTP/1.1" 400 57 "-" "Thunder Client (https://www.thunderclient.com)"
2026-07-17T08:38:53.847Z [INFO]: Starting server in development mode...
2026-07-17T08:38:53.938Z [INFO]: Starting server in development mode...
2026-07-17T08:38:54.008Z [INFO]: Starting server in development mode...
2026-07-17T08:38:54.435Z [INFO]: Starting server in development mode...
2026-07-17T08:38:54.502Z [INFO]: Starting server in development mode...
2026-07-17T08:38:54.500Z [INFO]: Starting server in development mode...
2026-07-17T08:38:55.470Z [INFO]: ✅ MongoDB Connected Successfully
2026-07-17T08:38:55.475Z [INFO]: 🚀 Server running on http://localhost:5000
2026-07-17T08:38:55.544Z [INFO]: ✅ MongoDB Connected Successfully
2026-07-17T08:38:55.547Z [INFO]: 🚀 Server running on http://localhost:5000
2026-07-17T08:38:55.561Z [INFO]: ✅ MongoDB Connected Successfully
2026-07-17T08:38:55.564Z [INFO]: 🚀 Server running on http://localhost:5000
2026-07-17T08:38:55.900Z [INFO]: ✅ MongoDB Connected Successfully
2026-07-17T08:38:55.904Z [INFO]: 🚀 Server running on http://localhost:5000
2026-07-17T08:38:55.962Z [INFO]: ✅ MongoDB Connected Successfully
2026-07-17T08:38:55.964Z [INFO]: 🚀 Server running on http://localhost:5000
2026-07-17T08:38:56.040Z [INFO]: ✅ MongoDB Connected Successfully
2026-07-17T08:38:56.042Z [INFO]: 🚀 Server running on http://localhost:5000
2026-07-17T08:38:59.024Z [INFO]: Received SIGINT. Shutting down gracefully...
2026-07-17T08:39:14.375Z [INFO]: Starting server in development mode...
2026-07-17T08:39:15.886Z [INFO]: ✅ MongoDB Connected Successfully
2026-07-17T08:39:15.888Z [INFO]: 🚀 Server running on http://localhost:5000
2026-07-17T08:40:31.909Z [INFO]: ::ffff:127.0.0.1 - - [17/Jul/2026:08:40:31 +0000] "POST /api/data/buy HTTP/1.1" 400 56 "-" "Thunder Client (https://www.thunderclient.com)"
2026-07-17T08:43:09.831Z [INFO]: ::ffff:127.0.0.1 - - [17/Jul/2026:08:43:09 +0000] "GET /api/data/plans?network=mtn HTTP/1.1" 404 45 "-" "Thunder Client (https://www.thunderclient.com)"
2026-07-17T08:43:31.912Z [INFO]: ::ffff:127.0.0.1 - - [17/Jul/2026:08:43:31 +0000] "GET /api/data/plans?network=mtn HTTP/1.1" 404 45 "-" "Thunder Client (https://www.thunderclient.com)"
2026-07-17T08:44:49.743Z [INFO]: ::ffff:127.0.0.1 - - [17/Jul/2026:08:44:49 +0000] "GET /api/data/plans?network=mtn HTTP/1.1" 404 45 "-" "Thunder Client (https://www.thunderclient.com)"
2026-07-17T08:46:12.534Z [INFO]: Starting server in development mode...
2026-07-17T08:46:12.551Z [INFO]: Starting server in development mode...
2026-07-17T08:46:12.645Z [INFO]: Starting server in development mode...
2026-07-17T08:46:12.707Z [INFO]: Starting server in development mode...
2026-07-17T08:46:12.727Z [INFO]: Starting server in development mode...
2026-07-17T08:46:12.738Z [INFO]: Starting server in development mode...
2026-07-17T08:46:14.070Z [INFO]: ✅ MongoDB Connected Successfully
2026-07-17T08:46:14.077Z [INFO]: 🚀 Server running on http://localhost:5000
2026-07-17T08:46:14.092Z [INFO]: ✅ MongoDB Connected Successfully
2026-07-17T08:46:14.098Z [INFO]: 🚀 Server running on http://localhost:5000
2026-07-17T08:46:14.130Z [INFO]: ✅ MongoDB Connected Successfully
2026-07-17T08:46:14.137Z [INFO]: 🚀 Server running on http://localhost:5000
2026-07-17T08:46:14.174Z [INFO]: ✅ MongoDB Connected Successfully
2026-07-17T08:46:14.184Z [INFO]: ✅ MongoDB Connected Successfully
2026-07-17T08:46:14.179Z [INFO]: 🚀 Server running on http://localhost:5000
2026-07-17T08:46:14.190Z [INFO]: 🚀 Server running on http://localhost:5000
2026-07-17T08:46:14.209Z [INFO]: ✅ MongoDB Connected Successfully
2026-07-17T08:46:14.215Z [INFO]: 🚀 Server running on http://localhost:5000
2026-07-17T08:46:42.679Z [INFO]: ::ffff:127.0.0.1 - - [17/Jul/2026:08:46:42 +0000] "GET /api/data/plans/mtn HTTP/1.1" 200 - "-" "Thunder Client (https://www.thunderclient.com)"
2026-07-17T08:48:35.742Z [INFO]: ::ffff:127.0.0.1 - - [17/Jul/2026:08:48:35 +0000] "POST /api/data/buy HTTP/1.1" 400 48 "-" "Thunder Client (https://www.thunderclient.com)"
2026-07-17T08:50:36.770Z [INFO]: ::ffff:127.0.0.1 - - [17/Jul/2026:08:50:36 +0000] "POST /api/data/buy HTTP/1.1" 400 48 "-" "Thunder Client (https://www.thunderclient.com)"
2026-07-17T08:52:41.873Z [INFO]: Starting server in development mode...
2026-07-17T08:52:41.878Z [INFO]: Starting server in development mode...
2026-07-17T08:52:41.889Z [INFO]: Starting server in development mode...
2026-07-17T08:52:41.963Z [INFO]: Starting server in development mode...
2026-07-17T08:52:41.982Z [INFO]: Starting server in development mode...
2026-07-17T08:52:42.050Z [INFO]: Starting server in development mode...
2026-07-17T08:52:43.615Z [INFO]: ✅ MongoDB Connected Successfully
2026-07-17T08:52:43.619Z [INFO]: ✅ MongoDB Connected Successfully
2026-07-17T08:52:43.619Z [INFO]: ✅ MongoDB Connected Successfully
2026-07-17T08:52:43.619Z [INFO]: 🚀 Server running on http://localhost:5000
2026-07-17T08:52:43.622Z [INFO]: 🚀 Server running on http://localhost:5000
2026-07-17T08:52:43.624Z [INFO]: 🚀 Server running on http://localhost:5000
2026-07-17T08:52:43.657Z [INFO]: ✅ MongoDB Connected Successfully
2026-07-17T08:52:43.662Z [INFO]: 🚀 Server running on http://localhost:5000
2026-07-17T08:52:43.674Z [INFO]: ✅ MongoDB Connected Successfully
2026-07-17T08:52:43.680Z [INFO]: 🚀 Server running on http://localhost:5000
2026-07-17T08:52:43.762Z [INFO]: ✅ MongoDB Connected Successfully
2026-07-17T08:52:43.767Z [INFO]: 🚀 Server running on http://localhost:5000
2026-07-17T08:54:38.029Z [INFO]: ::ffff:127.0.0.1 - - [17/Jul/2026:08:54:38 +0000] "POST /api/data/buy HTTP/1.1" 400 48 "-" "Thunder Client (https://www.thunderclient.com)"
2026-07-17T08:56:15.038Z [INFO]: Starting server in development mode...
2026-07-17T08:56:15.024Z [INFO]: Starting server in development mode...
2026-07-17T08:56:15.055Z [INFO]: Starting server in development mode...
2026-07-17T08:56:15.112Z [INFO]: Starting server in development mode...
2026-07-17T08:56:15.180Z [INFO]: Starting server in development mode...
2026-07-17T08:56:15.238Z [INFO]: Starting server in development mode...
2026-07-17T08:56:16.577Z [INFO]: ✅ MongoDB Connected Successfully
2026-07-17T08:56:16.582Z [INFO]: ✅ MongoDB Connected Successfully
2026-07-17T08:56:16.583Z [INFO]: 🚀 Server running on http://localhost:5000
2026-07-17T08:56:16.586Z [INFO]: 🚀 Server running on http://localhost:5000
2026-07-17T08:56:16.598Z [INFO]: ✅ MongoDB Connected Successfully
2026-07-17T08:56:16.604Z [INFO]: ✅ MongoDB Connected Successfully
2026-07-17T08:56:16.601Z [INFO]: 🚀 Server running on http://localhost:5000
2026-07-17T08:56:16.608Z [INFO]: 🚀 Server running on http://localhost:5000
2026-07-17T08:56:16.722Z [INFO]: ✅ MongoDB Connected Successfully
2026-07-17T08:56:16.737Z [INFO]: ✅ MongoDB Connected Successfully
2026-07-17T08:56:16.729Z [INFO]: 🚀 Server running on http://localhost:5000
2026-07-17T08:56:16.754Z [INFO]: 🚀 Server running on http://localhost:5000
2026-07-17T08:57:41.762Z [INFO]: ::ffff:127.0.0.1 - - [17/Jul/2026:08:57:41 +0000] "POST /api/data/buy HTTP/1.1" 400 395 "-" "Thunder Client (https://www.thunderclient.com)"
2026-07-17T10:14:58.373Z [INFO]: Starting server in development mode...
2026-07-17T10:14:58.372Z [INFO]: Starting server in development mode...
2026-07-17T10:14:58.372Z [INFO]: Starting server in development mode...
2026-07-17T10:14:58.381Z [INFO]: Starting server in development mode...
2026-07-17T10:14:58.378Z [INFO]: Starting server in development mode...
2026-07-17T10:14:58.382Z [INFO]: Starting server in development mode...
2026-07-17T10:15:01.487Z [INFO]: ✅ MongoDB Connected Successfully
2026-07-17T10:15:01.493Z [INFO]: 🚀 Server running on http://localhost:5000
2026-07-17T10:15:01.550Z [INFO]: ✅ MongoDB Connected Successfully
2026-07-17T10:15:01.559Z [INFO]: 🚀 Server running on http://localhost:5000
2026-07-17T10:15:01.575Z [INFO]: ✅ MongoDB Connected Successfully
2026-07-17T10:15:01.581Z [INFO]: 🚀 Server running on http://localhost:5000
2026-07-17T10:15:01.599Z [INFO]: ✅ MongoDB Connected Successfully
2026-07-17T10:15:01.613Z [INFO]: ✅ MongoDB Connected Successfully
2026-07-17T10:15:01.603Z [INFO]: 🚀 Server running on http://localhost:5000
2026-07-17T10:15:01.614Z [INFO]: ✅ MongoDB Connected Successfully
2026-07-17T10:15:01.618Z [INFO]: 🚀 Server running on http://localhost:5000
2026-07-17T10:15:01.618Z [INFO]: 🚀 Server running on http://localhost:5000
2026-07-17T10:15:45.838Z [INFO]: Starting server in development mode...
2026-07-17T10:15:45.953Z [INFO]: Starting server in development mode...
2026-07-17T10:15:45.963Z [INFO]: Starting server in development mode...
2026-07-17T10:15:46.021Z [INFO]: Starting server in development mode...
2026-07-17T10:15:46.024Z [INFO]: Starting server in development mode...
2026-07-17T10:15:46.031Z [INFO]: Starting server in development mode...
2026-07-17T10:15:48.060Z [INFO]: ✅ MongoDB Connected Successfully
2026-07-17T10:15:48.061Z [INFO]: ✅ MongoDB Connected Successfully
2026-07-17T10:15:48.063Z [INFO]: 🚀 Server running on http://localhost:5000
2026-07-17T10:15:48.064Z [INFO]: 🚀 Server running on http://localhost:5000
2026-07-17T10:15:48.072Z [INFO]: ✅ MongoDB Connected Successfully
2026-07-17T10:15:48.072Z [INFO]: ✅ MongoDB Connected Successfully
2026-07-17T10:15:48.074Z [INFO]: 🚀 Server running on http://localhost:5000
2026-07-17T10:15:48.075Z [INFO]: 🚀 Server running on http://localhost:5000
2026-07-17T10:15:48.134Z [INFO]: ✅ MongoDB Connected Successfully
2026-07-17T10:15:48.133Z [INFO]: ✅ MongoDB Connected Successfully
2026-07-17T10:15:48.136Z [INFO]: 🚀 Server running on http://localhost:5000
2026-07-17T10:15:48.135Z [INFO]: 🚀 Server running on http://localhost:5000
2026-07-17T10:17:14.888Z [INFO]: Starting server in development mode...
2026-07-17T10:17:14.904Z [INFO]: Starting server in development mode...
2026-07-17T10:17:14.935Z [INFO]: Starting server in development mode...
2026-07-17T10:17:15.017Z [INFO]: Starting server in development mode...
2026-07-17T10:17:15.124Z [INFO]: Starting server in development mode...
2026-07-17T10:17:15.123Z [INFO]: Starting server in development mode...
2026-07-17T10:17:16.560Z [INFO]: ✅ MongoDB Connected Successfully
2026-07-17T10:17:16.563Z [INFO]: 🚀 Server running on http://localhost:5000
2026-07-17T10:17:16.572Z [INFO]: ✅ MongoDB Connected Successfully
2026-07-17T10:17:16.575Z [INFO]: 🚀 Server running on http://localhost:5000
2026-07-17T10:17:16.580Z [INFO]: ✅ MongoDB Connected Successfully
2026-07-17T10:17:16.584Z [INFO]: 🚀 Server running on http://localhost:5000
2026-07-17T10:17:16.596Z [INFO]: ✅ MongoDB Connected Successfully
2026-07-17T10:17:16.600Z [INFO]: 🚀 Server running on http://localhost:5000
2026-07-17T10:17:16.621Z [INFO]: ✅ MongoDB Connected Successfully
2026-07-17T10:17:16.623Z [INFO]: 🚀 Server running on http://localhost:5000
2026-07-17T10:17:16.750Z [INFO]: ✅ MongoDB Connected Successfully
2026-07-17T10:17:16.753Z [INFO]: 🚀 Server running on http://localhost:5000
2026-07-17T10:19:06.581Z [INFO]: ::ffff:127.0.0.1 - - [17/Jul/2026:10:19:06 +0000] "POST /api/data/buy HTTP/1.1" 400 394 "-" "Thunder Client (https://www.thunderclient.com)"
2026-07-17T10:20:55.721Z [INFO]: Starting server in development mode...
2026-07-17T10:20:55.880Z [INFO]: Starting server in development mode...
2026-07-17T10:20:55.916Z [INFO]: Starting server in development mode...
2026-07-17T10:20:55.920Z [INFO]: Starting server in development mode...
2026-07-17T10:20:55.984Z [INFO]: Starting server in development mode...
2026-07-17T10:20:56.104Z [INFO]: Starting server in development mode...
2026-07-17T10:20:58.805Z [INFO]: ✅ MongoDB Connected Successfully
2026-07-17T10:20:58.810Z [INFO]: 🚀 Server running on http://localhost:5000
2026-07-17T10:20:58.821Z [INFO]: ✅ MongoDB Connected Successfully
2026-07-17T10:20:58.824Z [INFO]: 🚀 Server running on http://localhost:5000
2026-07-17T10:20:59.347Z [INFO]: ✅ MongoDB Connected Successfully
2026-07-17T10:20:59.349Z [INFO]: 🚀 Server running on http://localhost:5000
2026-07-17T10:21:00.155Z [INFO]: ✅ MongoDB Connected Successfully
2026-07-17T10:21:00.159Z [INFO]: 🚀 Server running on http://localhost:5000
2026-07-17T10:21:01.415Z [INFO]: ✅ MongoDB Connected Successfully
2026-07-17T10:21:01.419Z [INFO]: 🚀 Server running on http://localhost:5000
2026-07-17T10:21:02.291Z [INFO]: ✅ MongoDB Connected Successfully
2026-07-17T10:21:02.302Z [INFO]: 🚀 Server running on http://localhost:5000
2026-07-17T10:31:10.883Z [INFO]: Starting server in development mode...
2026-07-17T10:31:10.878Z [INFO]: Starting server in development mode...
2026-07-17T10:31:11.088Z [INFO]: Starting server in development mode...
2026-07-17T10:31:11.126Z [INFO]: Starting server in development mode...
2026-07-17T10:31:11.171Z [INFO]: Starting server in development mode...
2026-07-17T10:31:11.200Z [INFO]: Starting server in development mode...
2026-07-17T10:31:13.211Z [INFO]: ✅ MongoDB Connected Successfully
2026-07-17T10:31:13.219Z [INFO]: 🚀 Server running on http://localhost:5000
2026-07-17T10:31:13.514Z [INFO]: ✅ MongoDB Connected Successfully
2026-07-17T10:31:13.515Z [INFO]: ✅ MongoDB Connected Successfully
2026-07-17T10:31:13.522Z [INFO]: 🚀 Server running on http://localhost:5000
2026-07-17T10:31:13.522Z [INFO]: 🚀 Server running on http://localhost:5000
2026-07-17T10:31:13.551Z [INFO]: ✅ MongoDB Connected Successfully
2026-07-17T10:31:13.551Z [INFO]: ✅ MongoDB Connected Successfully
2026-07-17T10:31:13.552Z [INFO]: ✅ MongoDB Connected Successfully
2026-07-17T10:31:13.559Z [INFO]: 🚀 Server running on http://localhost:5000
2026-07-17T10:31:13.557Z [INFO]: 🚀 Server running on http://localhost:5000
2026-07-17T10:31:13.557Z [INFO]: 🚀 Server running on http://localhost:5000
2026-07-17T10:31:59.288Z [INFO]: Starting server in development mode...
2026-07-17T10:31:59.432Z [INFO]: Starting server in development mode...
2026-07-17T10:31:59.552Z [INFO]: Starting server in development mode...
2026-07-17T10:32:00.074Z [INFO]: Starting server in development mode...
2026-07-17T10:32:00.254Z [INFO]: Starting server in development mode...
2026-07-17T10:32:00.265Z [INFO]: Starting server in development mode...
2026-07-17T10:32:01.409Z [INFO]: ✅ MongoDB Connected Successfully
2026-07-17T10:32:01.426Z [INFO]: 🚀 Server running on http://localhost:5000
2026-07-17T10:32:01.465Z [INFO]: ✅ MongoDB Connected Successfully
2026-07-17T10:32:01.467Z [INFO]: ✅ MongoDB Connected Successfully
2026-07-17T10:32:01.480Z [INFO]: 🚀 Server running on http://localhost:5000
2026-07-17T10:32:01.497Z [INFO]: 🚀 Server running on http://localhost:5000
2026-07-17T10:32:01.787Z [INFO]: ✅ MongoDB Connected Successfully
2026-07-17T10:32:01.799Z [INFO]: 🚀 Server running on http://localhost:5000
2026-07-17T10:32:01.931Z [INFO]: ✅ MongoDB Connected Successfully
2026-07-17T10:32:01.934Z [INFO]: ✅ MongoDB Connected Successfully
2026-07-17T10:32:01.942Z [INFO]: 🚀 Server running on http://localhost:5000
2026-07-17T10:32:01.946Z [INFO]: 🚀 Server running on http://localhost:5000
2026-07-17T10:32:52.216Z [INFO]: Starting server in development mode...
2026-07-17T10:32:52.220Z [INFO]: Starting server in development mode...
2026-07-17T10:32:52.250Z [INFO]: Starting server in development mode...
2026-07-17T10:32:52.303Z [INFO]: Starting server in development mode...
2026-07-17T10:32:52.414Z [INFO]: Starting server in development mode...
2026-07-17T10:32:52.486Z [INFO]: Starting server in development mode...
2026-07-17T10:32:54.123Z [INFO]: ✅ MongoDB Connected Successfully
2026-07-17T10:32:54.134Z [INFO]: 🚀 Server running on http://localhost:5000
2026-07-17T10:32:54.198Z [INFO]: ✅ MongoDB Connected Successfully
2026-07-17T10:32:54.199Z [INFO]: ✅ MongoDB Connected Successfully
2026-07-17T10:32:54.199Z [INFO]: ✅ MongoDB Connected Successfully
2026-07-17T10:32:54.209Z [INFO]: 🚀 Server running on http://localhost:5000
2026-07-17T10:32:54.212Z [INFO]: 🚀 Server running on http://localhost:5000
2026-07-17T10:32:54.212Z [INFO]: 🚀 Server running on http://localhost:5000
2026-07-17T10:32:55.369Z [INFO]: ✅ MongoDB Connected Successfully
2026-07-17T10:32:55.406Z [INFO]: 🚀 Server running on http://localhost:5000
2026-07-17T10:32:55.796Z [INFO]: ✅ MongoDB Connected Successfully
2026-07-17T10:32:55.805Z [INFO]: 🚀 Server running on http://localhost:5000
2026-07-17T10:33:14.943Z [INFO]: Received SIGINT. Shutting down gracefully...
2026-07-17T10:33:37.420Z [INFO]: Starting server in development mode...
2026-07-17T10:33:39.284Z [INFO]: ✅ MongoDB Connected Successfully
2026-07-17T10:33:39.297Z [INFO]: 🚀 Server running on http://localhost:5000
2026-07-17T10:35:48.336Z [INFO]: ::ffff:127.0.0.1 - - [17/Jul/2026:10:35:48 +0000] "POST /api/data/buy HTTP/1.1" 400 396 "-" "Thunder Client (https://www.thunderclient.com)"
2026-07-17T10:43:12.042Z [INFO]: Starting server in development mode...
2026-07-17T10:43:12.020Z [INFO]: Starting server in development mode...
2026-07-17T10:43:12.197Z [INFO]: Starting server in development mode...
2026-07-17T10:43:12.306Z [INFO]: Starting server in development mode...
2026-07-17T10:43:12.340Z [INFO]: Starting server in development mode...
2026-07-17T10:43:12.340Z [INFO]: Starting server in development mode...
2026-07-17T10:43:14.141Z [INFO]: ✅ MongoDB Connected Successfully
2026-07-17T10:43:14.145Z [INFO]: 🚀 Server running on http://localhost:5000
2026-07-17T10:43:14.155Z [INFO]: ✅ MongoDB Connected Successfully
2026-07-17T10:43:14.158Z [INFO]: 🚀 Server running on http://localhost:5000
2026-07-17T10:43:14.282Z [INFO]: ✅ MongoDB Connected Successfully
2026-07-17T10:43:14.282Z [INFO]: ✅ MongoDB Connected Successfully
2026-07-17T10:43:14.282Z [INFO]: ✅ MongoDB Connected Successfully
2026-07-17T10:43:14.282Z [INFO]: ✅ MongoDB Connected Successfully
2026-07-17T10:43:14.285Z [INFO]: 🚀 Server running on http://localhost:5000
2026-07-17T10:43:14.286Z [INFO]: 🚀 Server running on http://localhost:5000
2026-07-17T10:43:14.286Z [INFO]: 🚀 Server running on http://localhost:5000
2026-07-17T10:43:14.286Z [INFO]: 🚀 Server running on http://localhost:5000
2026-07-17T10:44:50.283Z [INFO]: ::ffff:127.0.0.1 - - [17/Jul/2026:10:44:50 +0000] "POST /api/data/plans/mtn HTTP/1.1" 404 45 "-" "Thunder Client (https://www.thunderclient.com)"
2026-07-17T10:45:15.417Z [INFO]: ::ffff:127.0.0.1 - - [17/Jul/2026:10:45:15 +0000] "POST /api/data/plans/mtn HTTP/1.1" 404 45 "-" "Thunder Client (https://www.thunderclient.com)"
2026-07-17T10:46:38.734Z [INFO]: Starting server in development mode...
2026-07-17T10:46:38.787Z [INFO]: Starting server in development mode...
2026-07-17T10:46:38.817Z [INFO]: Starting server in development mode...
2026-07-17T10:46:38.865Z [INFO]: Starting server in development mode...
2026-07-17T10:46:38.914Z [INFO]: Starting server in development mode...
2026-07-17T10:46:38.932Z [INFO]: Starting server in development mode...
2026-07-17T10:46:40.620Z [INFO]: ✅ MongoDB Connected Successfully
2026-07-17T10:46:40.621Z [INFO]: ✅ MongoDB Connected Successfully
2026-07-17T10:46:40.624Z [INFO]: 🚀 Server running on http://localhost:5000
2026-07-17T10:46:40.625Z [INFO]: 🚀 Server running on http://localhost:5000
2026-07-17T10:46:40.632Z [INFO]: ✅ MongoDB Connected Successfully
2026-07-17T10:46:40.635Z [INFO]: 🚀 Server running on http://localhost:5000
2026-07-17T10:46:40.707Z [INFO]: ✅ MongoDB Connected Successfully
2026-07-17T10:46:40.710Z [INFO]: ✅ MongoDB Connected Successfully
2026-07-17T10:46:40.713Z [INFO]: 🚀 Server running on http://localhost:5000
2026-07-17T10:46:40.715Z [INFO]: 🚀 Server running on http://localhost:5000
2026-07-17T10:46:40.750Z [INFO]: ✅ MongoDB Connected Successfully
2026-07-17T10:46:40.758Z [INFO]: 🚀 Server running on http://localhost:5000
2026-07-17T10:51:46.125Z [INFO]: Received SIGINT. Shutting down gracefully...
2026-07-17T10:52:06.395Z [INFO]: Starting server in development mode...
2026-07-17T10:52:08.619Z [INFO]: ✅ MongoDB Connected Successfully
2026-07-17T10:52:08.626Z [INFO]: 🚀 Server running on http://localhost:5000
2026-07-17T10:54:05.525Z [INFO]: Starting server in development mode...
2026-07-17T10:54:05.567Z [INFO]: Starting server in development mode...
2026-07-17T10:54:05.601Z [INFO]: Starting server in development mode...
2026-07-17T10:54:05.622Z [INFO]: Starting server in development mode...
2026-07-17T10:54:05.669Z [INFO]: Starting server in development mode...
2026-07-17T10:54:05.708Z [INFO]: Starting server in development mode...
2026-07-17T10:54:07.783Z [INFO]: ✅ MongoDB Connected Successfully
2026-07-17T10:54:07.788Z [INFO]: 🚀 Server running on http://localhost:5000
2026-07-17T10:54:08.358Z [INFO]: ✅ MongoDB Connected Successfully
2026-07-17T10:54:08.362Z [INFO]: 🚀 Server running on http://localhost:5000
2026-07-17T10:54:09.172Z [INFO]: ✅ MongoDB Connected Successfully
2026-07-17T10:54:09.172Z [INFO]: ✅ MongoDB Connected Successfully
2026-07-17T10:54:09.172Z [INFO]: ✅ MongoDB Connected Successfully
2026-07-17T10:54:09.172Z [INFO]: ✅ MongoDB Connected Successfully
2026-07-17T10:54:09.175Z [INFO]: 🚀 Server running on http://localhost:5000
2026-07-17T10:54:09.174Z [INFO]: 🚀 Server running on http://localhost:5000
2026-07-17T10:54:09.175Z [INFO]: 🚀 Server running on http://localhost:5000
2026-07-17T10:54:09.175Z [INFO]: 🚀 Server running on http://localhost:5000
2026-07-17T10:54:22.740Z [INFO]: Received SIGINT. Shutting down gracefully...
2026-07-17T10:54:35.586Z [INFO]: Starting server in development mode...
2026-07-17T10:54:37.286Z [INFO]: ✅ MongoDB Connected Successfully
2026-07-17T10:54:37.289Z [INFO]: 🚀 Server running on http://localhost:5000
2026-07-17T10:56:54.136Z [INFO]: ::ffff:127.0.0.1 - - [17/Jul/2026:10:56:54 +0000] "GET /api/data/test HTTP/1.1" 200 50 "-" "Thunder Client (https://www.thunderclient.com)"
2026-07-17T10:57:37.898Z [INFO]: Starting server in development mode...
2026-07-17T10:57:37.907Z [INFO]: Starting server in development mode...
2026-07-17T10:57:37.980Z [INFO]: Starting server in development mode...
2026-07-17T10:57:38.052Z [INFO]: Starting server in development mode...
2026-07-17T10:57:38.151Z [INFO]: Starting server in development mode...
2026-07-17T10:57:38.191Z [INFO]: Starting server in development mode...
2026-07-17T10:57:39.746Z [INFO]: ✅ MongoDB Connected Successfully
2026-07-17T10:57:39.748Z [INFO]: 🚀 Server running on http://localhost:5000
2026-07-17T10:57:39.759Z [INFO]: ✅ MongoDB Connected Successfully
2026-07-17T10:57:39.761Z [INFO]: 🚀 Server running on http://localhost:5000
2026-07-17T10:57:39.770Z [INFO]: ✅ MongoDB Connected Successfully
2026-07-17T10:57:39.773Z [INFO]: 🚀 Server running on http://localhost:5000
2026-07-17T10:57:39.817Z [INFO]: ✅ MongoDB Connected Successfully
2026-07-17T10:57:39.819Z [INFO]: 🚀 Server running on http://localhost:5000
2026-07-17T10:57:39.840Z [INFO]: ✅ MongoDB Connected Successfully
2026-07-17T10:57:39.841Z [INFO]: ✅ MongoDB Connected Successfully
2026-07-17T10:57:39.845Z [INFO]: 🚀 Server running on http://localhost:5000
2026-07-17T10:57:39.846Z [INFO]: 🚀 Server running on http://localhost:5000
2026-07-17T10:57:44.890Z [INFO]: Received SIGINT. Shutting down gracefully...
2026-07-17T10:58:06.859Z [INFO]: Starting server in development mode...
2026-07-17T10:58:08.244Z [INFO]: ✅ MongoDB Connected Successfully
2026-07-17T10:58:08.248Z [INFO]: 🚀 Server running on http://localhost:5000
2026-07-17T10:59:02.006Z [INFO]: ::ffff:127.0.0.1 - - [17/Jul/2026:10:59:02 +0000] "GET /api/data/plans/mtn HTTP/1.1" 200 - "-" "Thunder Client (https://www.thunderclient.com)"
2026-07-17T11:05:44.376Z [INFO]: ::ffff:127.0.0.1 - - [17/Jul/2026:11:05:44 +0000] "POST /api/data/buy HTTP/1.1" 400 414 "-" "Thunder Client (https://www.thunderclient.com)"
2026-07-17T11:06:33.812Z [INFO]: ::ffff:127.0.0.1 - - [17/Jul/2026:11:06:33 +0000] "POST /api/data/buy HTTP/1.1" 400 396 "-" "Thunder Client (https://www.thunderclient.com)"
2026-07-17T11:08:36.200Z [INFO]: Starting server in development mode...
2026-07-17T11:08:36.199Z [INFO]: Starting server in development mode...
2026-07-17T11:08:36.210Z [INFO]: Starting server in development mode...
2026-07-17T11:08:36.237Z [INFO]: Starting server in development mode...
2026-07-17T11:08:36.269Z [INFO]: Starting server in development mode...
2026-07-17T11:08:36.277Z [INFO]: Starting server in development mode...
2026-07-17T11:08:37.984Z [INFO]: ✅ MongoDB Connected Successfully
2026-07-17T11:08:37.986Z [INFO]: ✅ MongoDB Connected Successfully
2026-07-17T11:08:37.992Z [INFO]: 🚀 Server running on http://localhost:5000
2026-07-17T11:08:37.990Z [INFO]: 🚀 Server running on http://localhost:5000
2026-07-17T11:08:38.003Z [INFO]: ✅ MongoDB Connected Successfully
2026-07-17T11:08:38.007Z [INFO]: 🚀 Server running on http://localhost:5000
2026-07-17T11:08:38.018Z [INFO]: ✅ MongoDB Connected Successfully
2026-07-17T11:08:38.019Z [INFO]: ✅ MongoDB Connected Successfully
2026-07-17T11:08:38.024Z [INFO]: ✅ MongoDB Connected Successfully
2026-07-17T11:08:38.022Z [INFO]: 🚀 Server running on http://localhost:5000
2026-07-17T11:08:38.022Z [INFO]: 🚀 Server running on http://localhost:5000
2026-07-17T11:08:38.027Z [INFO]: 🚀 Server running on http://localhost:5000
2026-07-17T11:09:50.961Z [INFO]: ::ffff:127.0.0.1 - - [17/Jul/2026:11:09:50 +0000] "POST /api/data/plans/mtn HTTP/1.1" 404 45 "-" "Thunder Client (https://www.thunderclient.com)"
2026-07-17T11:09:57.771Z [INFO]: ::ffff:127.0.0.1 - - [17/Jul/2026:11:09:57 +0000] "POST /api/data/plans/mtn HTTP/1.1" 404 45 "-" "Thunder Client (https://www.thunderclient.com)"
2026-07-17T11:09:58.625Z [INFO]: ::ffff:127.0.0.1 - - [17/Jul/2026:11:09:58 +0000] "POST /api/data/plans/mtn HTTP/1.1" 404 45 "-" "Thunder Client (https://www.thunderclient.com)"
2026-07-17T11:10:08.774Z [INFO]: ::ffff:127.0.0.1 - - [17/Jul/2026:11:10:08 +0000] "GET /api/data/plans/mtn HTTP/1.1" 200 - "-" "Thunder Client (https://www.thunderclient.com)"
2026-07-17T11:12:23.076Z [INFO]: ::ffff:127.0.0.1 - - [17/Jul/2026:11:12:23 +0000] "POST /api/data/buy HTTP/1.1" 400 - "-" "Thunder Client (https://www.thunderclient.com)"
2026-07-17T14:04:50.176Z [INFO]: Received SIGINT. Shutting down gracefully...
2026-07-17T14:05:01.860Z [INFO]: Starting server in development mode...
2026-07-17T14:05:01.881Z [ERROR]: Error: querySrv ECONNREFUSED _mongodb._tcp.cluster0.phfbtfn.mongodb.net
    at QueryReqWrap.onresolve [as oncomplete] (node:internal/dns/promises:295:17)
2026-07-17T14:27:20.474Z [INFO]: Starting server in development mode...
2026-07-17T14:27:20.540Z [ERROR]: Error: querySrv ECONNREFUSED _mongodb._tcp.cluster0.phfbtfn.mongodb.net
    at QueryReqWrap.onresolve [as oncomplete] (node:internal/dns/promises:295:17)
2026-07-17T14:34:11.261Z [INFO]: Starting server in development mode...
2026-07-17T14:34:16.510Z [INFO]: ✅ MongoDB Connected Successfully
2026-07-17T14:34:16.513Z [INFO]: 🚀 Server running on http://localhost:5000
2026-07-17T14:35:32.305Z [INFO]: ::ffff:127.0.0.1 - - [17/Jul/2026:14:35:32 +0000] "POST /api/data/buy HTTP/1.1" 400 53 "-" "Thunder Client (https://www.thunderclient.com)"
2026-07-17T14:36:27.317Z [INFO]: ::ffff:127.0.0.1 - - [17/Jul/2026:14:36:27 +0000] "POST /api/data/buy HTTP/1.1" 400 414 "-" "Thunder Client (https://www.thunderclient.com)"
2026-07-17T14:45:56.890Z [INFO]: Received SIGINT. Shutting down gracefully...
2026-07-17T16:28:27.599Z [INFO]: Starting server in development mode...
2026-07-17T16:28:32.768Z [INFO]: ✅ MongoDB Connected Successfully
2026-07-17T16:28:32.771Z [INFO]: 🚀 Server running on http://localhost:5000
2026-07-17T16:28:40.225Z [INFO]: ::ffff:127.0.0.1 - - [17/Jul/2026:16:28:40 +0000] "POST /api/auth/login HTTP/1.1" 400 39 "-" "Thunder Client (https://www.thunderclient.com)"
2026-07-17T16:29:17.534Z [INFO]: ::ffff:127.0.0.1 - - [17/Jul/2026:16:29:17 +0000] "POST /api/auth/login HTTP/1.1" 400 39 "-" "Thunder Client (https://www.thunderclient.com)"
2026-07-17T16:35:00.923Z [INFO]: ::ffff:127.0.0.1 - - [17/Jul/2026:16:35:00 +0000] "POST /api/auth/login HTTP/1.1" 400 39 "-" "Thunder Client (https://www.thunderclient.com)"
2026-07-17T16:36:30.009Z [INFO]: ::ffff:127.0.0.1 - - [17/Jul/2026:16:36:30 +0000] "POST /api/auth/register HTTP/1.1" 201 317 "-" "Thunder Client (https://www.thunderclient.com)"
2026-07-17T16:40:33.314Z [INFO]: ::1 - - [17/Jul/2026:16:40:33 +0000] "POST /api/auth/login HTTP/1.1" 200 308 "http://localhost:3000/" "Mozilla/5.0 (Windows NT 10.0; Win64; x64) AppleWebKit/537.36 (KHTML, like Gecko) Chrome/150.0.0.0 Safari/537.36 Edg/150.0.0.0"
2026-07-17T20:47:33.795Z [INFO]: ::1 - - [17/Jul/2026:20:47:33 +0000] "GET / HTTP/1.1" 200 61 "-" "Mozilla/5.0 (Windows NT 10.0; Win64; x64) AppleWebKit/537.36 (KHTML, like Gecko) Chrome/150.0.0.0 Safari/537.36 Edg/150.0.0.0"
2026-07-17T20:47:37.481Z [INFO]: ::1 - - [17/Jul/2026:20:47:37 +0000] "GET /favicon.ico HTTP/1.1" 404 45 "-" "Mozilla/5.0 (Windows NT 10.0; Win64; x64) AppleWebKit/537.36 (KHTML, like Gecko) Chrome/150.0.0.0 Safari/537.36 Edg/150.0.0.0"
2026-07-17T21:23:00.700Z [INFO]: ::1 - - [17/Jul/2026:21:23:00 +0000] "GET /api/wallet HTTP/1.1" 200 28 "http://localhost:3000/" "Mozilla/5.0 (Windows NT 10.0; Win64; x64) AppleWebKit/537.36 (KHTML, like Gecko) Chrome/150.0.0.0 Safari/537.36 Edg/150.0.0.0"
