2026-07-13T21:01:35.666Z [ERROR]: Error: querySrv ECONNREFUSED _mongodb._tcp.cluster0.phfbtfn.mongodb.net
    at QueryReqWrap.onresolve [as oncomplete] (node:internal/dns/promises:295:17)
2026-07-13T21:03:28.713Z [ERROR]: Error: querySrv ECONNREFUSED _mongodb._tcp.cluster0.phfbtfn.mongodb.net
    at QueryReqWrap.onresolve [as oncomplete] (node:internal/dns/promises:295:17)
2026-07-13T21:13:22.884Z [ERROR]: Error: querySrv ECONNREFUSED _mongodb._tcp.cluster0.phfbtfn.mongodb.net
    at QueryReqWrap.onresolve [as oncomplete] (node:internal/dns/promises:295:17)
2026-07-13T21:19:44.336Z [ERROR]: Error: querySrv ECONNREFUSED _mongodb._tcp.cluster0.phfbtfn.mongodb.net
    at QueryReqWrap.onresolve [as oncomplete] (node:internal/dns/promises:295:17)
2026-07-13T21:19:44.351Z [ERROR]: Error: querySrv ECONNREFUSED _mongodb._tcp.cluster0.phfbtfn.mongodb.net
    at QueryReqWrap.onresolve [as oncomplete] (node:internal/dns/promises:295:17)
2026-07-13T21:19:44.412Z [ERROR]: Error: querySrv ECONNREFUSED _mongodb._tcp.cluster0.phfbtfn.mongodb.net
    at QueryReqWrap.onresolve [as oncomplete] (node:internal/dns/promises:295:17)
2026-07-13T21:29:25.584Z [ERROR]: Error: querySrv ECONNREFUSED _mongodb._tcp.cluster0.phfbtfn.mongodb.net
    at QueryReqWrap.onresolve [as oncomplete] (node:internal/dns/promises:295:17)
2026-07-14T19:56:27.309Z [ERROR]: Error: querySrv ECONNREFUSED _mongodb._tcp.cluster0.phfbtfn.mongodb.net
    at QueryReqWrap.onresolve [as oncomplete] (node:internal/dns/promises:295:17)
2026-07-14T19:56:27.368Z [ERROR]: Error: querySrv ECONNREFUSED _mongodb._tcp.cluster0.phfbtfn.mongodb.net
    at QueryReqWrap.onresolve [as oncomplete] (node:internal/dns/promises:295:17)
2026-07-14T19:56:27.409Z [ERROR]: Error: querySrv ECONNREFUSED _mongodb._tcp.cluster0.phfbtfn.mongodb.net
    at QueryReqWrap.onresolve [as oncomplete] (node:internal/dns/promises:295:17)
2026-07-14T19:56:44.841Z [ERROR]: Error: querySrv ECONNREFUSED _mongodb._tcp.cluster0.phfbtfn.mongodb.net
    at QueryReqWrap.onresolve [as oncomplete] (node:internal/dns/promises:295:17)
2026-07-14T20:00:15.824Z [ERROR]: Error: querySrv ECONNREFUSED _mongodb._tcp.cluster0.phfbtfn.mongodb.net
    at QueryReqWrap.onresolve [as oncomplete] (node:internal/dns/promises:295:17)
2026-07-14T20:02:11.255Z [ERROR]: Error: querySrv ECONNREFUSED _mongodb._tcp.cluster0.phfbtfn.mongodb.net
    at QueryReqWrap.onresolve [as oncomplete] (node:internal/dns/promises:295:17)
2026-07-14T20:05:13.014Z [ERROR]: Error: querySrv ECONNREFUSED _mongodb._tcp.cluster0.phfbtfn.mongodb.net
    at QueryReqWrap.onresolve [as oncomplete] (node:internal/dns/promises:295:17)
2026-07-14T20:41:34.515Z [ERROR]: Error: querySrv ECONNREFUSED _mongodb._tcp.cluster0.phfbtfn.mongodb.net
    at QueryReqWrap.onresolve [as oncomplete] (node:internal/dns/promises:295:17)
2026-07-16T13:56:05.773Z [ERROR]: MongooseServerSelectionError: Could not connect to any servers in your MongoDB Atlas cluster. One common reason is that you're trying to access the database from an IP that isn't whitelisted. Make sure your current IP address is on your Atlas cluster's IP whitelist: https://www.mongodb.com/docs/atlas/security-whitelist/
    at _handleConnectionErrors (C:\Users\Mr. Mubarack\Desktop\vtu-Platform\backend\node_modules\mongoose\lib\connection.js:1169:11)
    at NativeConnection.openUri (C:\Users\Mr. Mubarack\Desktop\vtu-Platform\backend\node_modules\mongoose\lib\connection.js:1100:11)
    at connectDB (C:\Users\Mr. Mubarack\Desktop\vtu-Platform\backend\src\config\db.ts:7:5)
    at startServer (C:\Users\Mr. Mubarack\Desktop\vtu-Platform\backend\src\server.ts:16:5)
2026-07-17T14:05:01.881Z [ERROR]: Error: querySrv ECONNREFUSED _mongodb._tcp.cluster0.phfbtfn.mongodb.net
    at QueryReqWrap.onresolve [as oncomplete] (node:internal/dns/promises:295:17)
2026-07-17T14:27:20.540Z [ERROR]: Error: querySrv ECONNREFUSED _mongodb._tcp.cluster0.phfbtfn.mongodb.net
    at QueryReqWrap.onresolve [as oncomplete] (node:internal/dns/promises:295:17)
2026-07-22T17:42:27.131Z [ERROR]: Error: querySrv ECONNREFUSED _mongodb._tcp.cluster0.phfbtfn.mongodb.net
    at QueryReqWrap.onresolve [as oncomplete] (node:internal/dns/promises:295:17)
2026-07-22T17:44:16.987Z [ERROR]: Error: querySrv ECONNREFUSED _mongodb._tcp.cluster0.phfbtfn.mongodb.net
    at QueryReqWrap.onresolve [as oncomplete] (node:internal/dns/promises:295:17)
2026-07-22T17:45:55.065Z [ERROR]: Error: querySrv ECONNREFUSED _mongodb._tcp.cluster0.phfbtfn.mongodb.net
    at QueryReqWrap.onresolve [as oncomplete] (node:internal/dns/promises:295:17)
2026-07-22T17:47:10.101Z [ERROR]: Error: querySrv ECONNREFUSED _mongodb._tcp.cluster0.phfbtfn.mongodb.net
    at QueryReqWrap.onresolve [as oncomplete] (node:internal/dns/promises:295:17)
2026-07-22T17:51:54.165Z [ERROR]: Error: querySrv ECONNREFUSED _mongodb._tcp.cluster0.phfbtfn.mongodb.net
    at QueryReqWrap.onresolve [as oncomplete] (node:internal/dns/promises:295:17)
2026-07-22T17:54:35.918Z [ERROR]: Error: querySrv ECONNREFUSED _mongodb._tcp.cluster0.phfbtfn.mongodb.net
    at QueryReqWrap.onresolve [as oncomplete] (node:internal/dns/promises:295:17)
2026-07-22T18:46:16.268Z [ERROR]: Error: querySrv ECONNREFUSED _mongodb._tcp.cluster0.phfbtfn.mongodb.net
    at QueryReqWrap.onresolve [as oncomplete] (node:internal/dns/promises:295:17)
2026-07-22T18:56:27.969Z [ERROR]: Error: querySrv ECONNREFUSED _mongodb._tcp.cluster0.phfbtfn.mongodb.net
    at QueryReqWrap.onresolve [as oncomplete] (node:internal/dns/promises:295:17)
2026-07-22T18:58:21.585Z [ERROR]: Error: querySrv ECONNREFUSED _mongodb._tcp.cluster0.phfbtfn.mongodb.net
    at QueryReqWrap.onresolve [as oncomplete] (node:internal/dns/promises:295:17)
2026-07-22T19:00:57.332Z [ERROR]: Error: querySrv ECONNREFUSED _mongodb._tcp.cluster0.phfbtfn.mongodb.net
    at QueryReqWrap.onresolve [as oncomplete] (node:internal/dns/promises:295:17)
2026-07-22T19:01:42.054Z [ERROR]: Error: querySrv ECONNREFUSED _mongodb._tcp.cluster0.phfbtfn.mongodb.net
    at QueryReqWrap.onresolve [as oncomplete] (node:internal/dns/promises:295:17)
2026-07-22T19:48:08.650Z [ERROR]: Error: querySrv ECONNREFUSED _mongodb._tcp.cluster0.phfbtfn.mongodb.net
    at QueryReqWrap.onresolve [as oncomplete] (node:internal/dns/promises:295:17)
2026-07-22T19:51:16.876Z [ERROR]: Error: querySrv ECONNREFUSED _mongodb._tcp.cluster0.phfbtfn.mongodb.net
    at QueryReqWrap.onresolve [as oncomplete] (node:internal/dns/promises:295:17)
2026-07-22T19:52:31.070Z [ERROR]: Error: querySrv ECONNREFUSED _mongodb._tcp.cluster0
    at QueryReqWrap.onresolve [as oncomplete] (node:internal/dns/promises:295:17)
2026-07-22T19:54:20.925Z [ERROR]: Error: querySrv ECONNREFUSED _mongodb._tcp.cluster0.phfbtfn.mongodb.net
    at QueryReqWrap.onresolve [as oncomplete] (node:internal/dns/promises:295:17)
2026-07-22T19:55:43.500Z [ERROR]: Error: querySrv ECONNREFUSED _mongodb._tcp.cluster0.phfbtfn.mongodb.net
    at QueryReqWrap.onresolve [as oncomplete] (node:internal/dns/promises:295:17)
2026-07-22T19:58:30.821Z [ERROR]: Error: querySrv ECONNREFUSED _mongodb._tcp.cluster0.phfbtfn.mongodb.net
    at QueryReqWrap.onresolve [as oncomplete] (node:internal/dns/promises:295:17)
2026-07-22T19:59:38.831Z [ERROR]: Error: querySrv ECONNREFUSED _mongodb._tcp.cluster0.phfbtfn.mongodb.net
    at QueryReqWrap.onresolve [as oncomplete] (node:internal/dns/promises:295:17)
2026-07-22T20:02:30.919Z [ERROR]: Error: querySrv ECONNREFUSED _mongodb._tcp.cluster0.phfbtfn.mongodb.net
    at QueryReqWrap.onresolve [as oncomplete] (node:internal/dns/promises:295:17)
